[2.172s] Invoking command in '/home/loic-finette/Documents/byte_ws/ros2_ws/build/byte_leg_hardware': DEBUGINFOD_URLS=https://debuginfod.ubuntu.com PYTHONPATH=/home/loic-finette/Documents/byte_ws/ros2_ws/build/byte_leg_hardware/prefix_override:/usr/lib/python3/dist-packages/colcon_core/task/python/colcon_distutils_commands:/home/loic-finette/Documents/byte_ws/ros2_ws/install/byte_leg_hardware/lib/python3.12/site-packages:${PYTHONPATH} /usr/bin/python3 -W ignore:setup.py install is deprecated -W ignore:easy_install command is deprecated setup.py develop --editable --build-directory /home/loic-finette/Documents/byte_ws/ros2_ws/build/byte_leg_hardware/build --no-deps symlink_data --force
[3.097s] running develop
[3.725s] running egg_info
[3.790s] writing byte_leg_hardware.egg-info/PKG-INFO
[3.792s] writing dependency_links to byte_leg_hardware.egg-info/dependency_links.txt
[3.792s] writing entry points to byte_leg_hardware.egg-info/entry_points.txt
[3.793s] writing requirements to byte_leg_hardware.egg-info/requires.txt
[3.795s] writing top-level names to byte_leg_hardware.egg-info/top_level.txt
[3.922s] reading manifest file 'byte_leg_hardware.egg-info/SOURCES.txt'
[3.924s] writing manifest file 'byte_leg_hardware.egg-info/SOURCES.txt'
[3.986s] running build_ext
[3.986s] Creating /home/loic-finette/Documents/byte_ws/ros2_ws/install/byte_leg_hardware/lib/python3.12/site-packages/byte-leg-hardware.egg-link (link to .)
[3.988s] Installing can_relay script to /home/loic-finette/Documents/byte_ws/ros2_ws/install/byte_leg_hardware/lib/byte_leg_hardware
[3.990s] 
[3.991s] Installed /home/loic-finette/Documents/byte_ws/ros2_ws/build/byte_leg_hardware
[3.991s] running symlink_data
[3.992s] symbolically linking /home/loic-finette/Documents/byte_ws/ros2_ws/build/byte_leg_hardware/resource/byte_leg_hardware -> /home/loic-finette/Documents/byte_ws/ros2_ws/install/byte_leg_hardware/share/ament_index/resource_index/packages
[3.992s] symbolically linking /home/loic-finette/Documents/byte_ws/ros2_ws/build/byte_leg_hardware/package.xml -> /home/loic-finette/Documents/byte_ws/ros2_ws/install/byte_leg_hardware/share/byte_leg_hardware
[3.992s] symbolically linking /home/loic-finette/Documents/byte_ws/ros2_ws/build/byte_leg_hardware/config/hardware.yaml -> /home/loic-finette/Documents/byte_ws/ros2_ws/install/byte_leg_hardware/share/byte_leg_hardware/config
[4.069s] Invoked command in '/home/loic-finette/Documents/byte_ws/ros2_ws/build/byte_leg_hardware' returned '0': DEBUGINFOD_URLS=https://debuginfod.ubuntu.com PYTHONPATH=/home/loic-finette/Documents/byte_ws/ros2_ws/build/byte_leg_hardware/prefix_override:/usr/lib/python3/dist-packages/colcon_core/task/python/colcon_distutils_commands:/home/loic-finette/Documents/byte_ws/ros2_ws/install/byte_leg_hardware/lib/python3.12/site-packages:${PYTHONPATH} /usr/bin/python3 -W ignore:setup.py install is deprecated -W ignore:easy_install command is deprecated setup.py develop --editable --build-directory /home/loic-finette/Documents/byte_ws/ros2_ws/build/byte_leg_hardware/build --no-deps symlink_data --force
