[0.068s] Invoking command in '/home/loic-finette/Documents/byte_ws/ros2_ws/build/byte_leg_description': CMAKE_PREFIX_PATH=${CMAKE_PREFIX_PATH}:/opt/ros/jazzy DEBUGINFOD_URLS=https://debuginfod.ubuntu.com /usr/bin/cmake --build /home/loic-finette/Documents/byte_ws/ros2_ws/build/byte_leg_description -- -j8 -l8
[0.222s] Invoked command in '/home/loic-finette/Documents/byte_ws/ros2_ws/build/byte_leg_description' returned '0': CMAKE_PREFIX_PATH=${CMAKE_PREFIX_PATH}:/opt/ros/jazzy DEBUGINFOD_URLS=https://debuginfod.ubuntu.com /usr/bin/cmake --build /home/loic-finette/Documents/byte_ws/ros2_ws/build/byte_leg_description -- -j8 -l8
[0.259s] Invoking command in '/home/loic-finette/Documents/byte_ws/ros2_ws/build/byte_leg_description': CMAKE_PREFIX_PATH=${CMAKE_PREFIX_PATH}:/opt/ros/jazzy DEBUGINFOD_URLS=https://debuginfod.ubuntu.com /usr/bin/cmake --install /home/loic-finette/Documents/byte_ws/ros2_ws/build/byte_leg_description
[0.290s] -- Install configuration: ""
[0.294s] -- Execute custom install script
[0.295s] -- Up-to-date symlink: /home/loic-finette/Documents/byte_ws/ros2_ws/install/byte_leg_description/share/byte_leg_description/urdf/leg.urdf.xacro
[0.299s] -- Up-to-date symlink: /home/loic-finette/Documents/byte_ws/ros2_ws/install/byte_leg_description/share/ament_index/resource_index/package_run_dependencies/byte_leg_description
[0.299s] -- Up-to-date symlink: /home/loic-finette/Documents/byte_ws/ros2_ws/install/byte_leg_description/share/ament_index/resource_index/parent_prefix_path/byte_leg_description
[0.300s] -- Up-to-date symlink: /home/loic-finette/Documents/byte_ws/ros2_ws/install/byte_leg_description/share/byte_leg_description/environment/ament_prefix_path.sh
[0.300s] -- Up-to-date symlink: /home/loic-finette/Documents/byte_ws/ros2_ws/install/byte_leg_description/share/byte_leg_description/environment/ament_prefix_path.dsv
[0.303s] -- Up-to-date symlink: /home/loic-finette/Documents/byte_ws/ros2_ws/install/byte_leg_description/share/byte_leg_description/environment/path.sh
[0.304s] -- Up-to-date symlink: /home/loic-finette/Documents/byte_ws/ros2_ws/install/byte_leg_description/share/byte_leg_description/environment/path.dsv
[0.304s] -- Up-to-date symlink: /home/loic-finette/Documents/byte_ws/ros2_ws/install/byte_leg_description/share/byte_leg_description/local_setup.bash
[0.307s] -- Up-to-date symlink: /home/loic-finette/Documents/byte_ws/ros2_ws/install/byte_leg_description/share/byte_leg_description/local_setup.sh
[0.309s] -- Up-to-date symlink: /home/loic-finette/Documents/byte_ws/ros2_ws/install/byte_leg_description/share/byte_leg_description/local_setup.zsh
[0.311s] -- Up-to-date symlink: /home/loic-finette/Documents/byte_ws/ros2_ws/install/byte_leg_description/share/byte_leg_description/local_setup.dsv
[0.311s] -- Symlinking: /home/loic-finette/Documents/byte_ws/ros2_ws/install/byte_leg_description/share/byte_leg_description/package.dsv
[0.340s] -- Up-to-date symlink: /home/loic-finette/Documents/byte_ws/ros2_ws/install/byte_leg_description/share/ament_index/resource_index/packages/byte_leg_description
[0.341s] -- Up-to-date symlink: /home/loic-finette/Documents/byte_ws/ros2_ws/install/byte_leg_description/share/byte_leg_description/cmake/byte_leg_descriptionConfig.cmake
[0.343s] -- Up-to-date symlink: /home/loic-finette/Documents/byte_ws/ros2_ws/install/byte_leg_description/share/byte_leg_description/cmake/byte_leg_descriptionConfig-version.cmake
[0.343s] -- Up-to-date symlink: /home/loic-finette/Documents/byte_ws/ros2_ws/install/byte_leg_description/share/byte_leg_description/package.xml
[0.350s] Invoked command in '/home/loic-finette/Documents/byte_ws/ros2_ws/build/byte_leg_description' returned '0': CMAKE_PREFIX_PATH=${CMAKE_PREFIX_PATH}:/opt/ros/jazzy DEBUGINFOD_URLS=https://debuginfod.ubuntu.com /usr/bin/cmake --install /home/loic-finette/Documents/byte_ws/ros2_ws/build/byte_leg_description
