/home/loic-finette/Documents/byte_ws/ros2_ws/install/byte_leg_control/lib/python3.12/site-packages/byte_leg_control/kinematics.py
/home/loic-finette/Documents/byte_ws/ros2_ws/install/byte_leg_control/lib/python3.12/site-packages/byte_leg_control/ik_node.py
/home/loic-finette/Documents/byte_ws/ros2_ws/install/byte_leg_control/lib/python3.12/site-packages/byte_leg_control/joy_teleop.py
/home/loic-finette/Documents/byte_ws/ros2_ws/install/byte_leg_control/lib/python3.12/site-packages/byte_leg_control/__init__.py
/home/loic-finette/Documents/byte_ws/ros2_ws/install/byte_leg_control/lib/python3.12/site-packages/byte_leg_control/__pycache__/kinematics.cpython-312.pyc
/home/loic-finette/Documents/byte_ws/ros2_ws/install/byte_leg_control/lib/python3.12/site-packages/byte_leg_control/__pycache__/ik_node.cpython-312.pyc
/home/loic-finette/Documents/byte_ws/ros2_ws/install/byte_leg_control/lib/python3.12/site-packages/byte_leg_control/__pycache__/joy_teleop.cpython-312.pyc
/home/loic-finette/Documents/byte_ws/ros2_ws/install/byte_leg_control/lib/python3.12/site-packages/byte_leg_control/__pycache__/__init__.cpython-312.pyc
/home/loic-finette/Documents/byte_ws/ros2_ws/install/byte_leg_control/share/ament_index/resource_index/packages/byte_leg_control
/home/loic-finette/Documents/byte_ws/ros2_ws/install/byte_leg_control/share/byte_leg_control/package.xml
/home/loic-finette/Documents/byte_ws/ros2_ws/install/byte_leg_control/share/byte_leg_control/config/teleop.yaml
/home/loic-finette/Documents/byte_ws/ros2_ws/install/byte_leg_control/share/byte_leg_control/config/controllers.yaml
/home/loic-finette/Documents/byte_ws/ros2_ws/install/byte_leg_control/lib/python3.12/site-packages/byte_leg_control-0.1.0-py3.12.egg-info/top_level.txt
/home/loic-finette/Documents/byte_ws/ros2_ws/install/byte_leg_control/lib/python3.12/site-packages/byte_leg_control-0.1.0-py3.12.egg-info/SOURCES.txt
/home/loic-finette/Documents/byte_ws/ros2_ws/install/byte_leg_control/lib/python3.12/site-packages/byte_leg_control-0.1.0-py3.12.egg-info/entry_points.txt
/home/loic-finette/Documents/byte_ws/ros2_ws/install/byte_leg_control/lib/python3.12/site-packages/byte_leg_control-0.1.0-py3.12.egg-info/zip-safe
/home/loic-finette/Documents/byte_ws/ros2_ws/install/byte_leg_control/lib/python3.12/site-packages/byte_leg_control-0.1.0-py3.12.egg-info/PKG-INFO
/home/loic-finette/Documents/byte_ws/ros2_ws/install/byte_leg_control/lib/python3.12/site-packages/byte_leg_control-0.1.0-py3.12.egg-info/requires.txt
/home/loic-finette/Documents/byte_ws/ros2_ws/install/byte_leg_control/lib/python3.12/site-packages/byte_leg_control-0.1.0-py3.12.egg-info/dependency_links.txt
/home/loic-finette/Documents/byte_ws/ros2_ws/install/byte_leg_control/lib/byte_leg_control/ik_node
/home/loic-finette/Documents/byte_ws/ros2_ws/install/byte_leg_control/lib/byte_leg_control/joy_teleop
