[0.774s] Invoking command in '/home/loic-finette/Documents/byte_ws/ros2_ws/build/byte_leg_gazebo': CMAKE_PREFIX_PATH=${CMAKE_PREFIX_PATH}:/opt/ros/jazzy DEBUGINFOD_URLS=https://debuginfod.ubuntu.com /usr/bin/cmake --build /home/loic-finette/Documents/byte_ws/ros2_ws/build/byte_leg_gazebo -- -j8 -l8
[0.926s] Invoked command in '/home/loic-finette/Documents/byte_ws/ros2_ws/build/byte_leg_gazebo' returned '0': CMAKE_PREFIX_PATH=${CMAKE_PREFIX_PATH}:/opt/ros/jazzy DEBUGINFOD_URLS=https://debuginfod.ubuntu.com /usr/bin/cmake --build /home/loic-finette/Documents/byte_ws/ros2_ws/build/byte_leg_gazebo -- -j8 -l8
[0.930s] Invoking command in '/home/loic-finette/Documents/byte_ws/ros2_ws/build/byte_leg_gazebo': CMAKE_PREFIX_PATH=${CMAKE_PREFIX_PATH}:/opt/ros/jazzy DEBUGINFOD_URLS=https://debuginfod.ubuntu.com /usr/bin/cmake --install /home/loic-finette/Documents/byte_ws/ros2_ws/build/byte_leg_gazebo
[0.949s] -- Install configuration: ""
[0.954s] -- Execute custom install script
[0.954s] -- Up-to-date symlink: /home/loic-finette/Documents/byte_ws/ros2_ws/install/byte_leg_gazebo/share/byte_leg_gazebo/worlds/bench.sdf
[0.955s] -- Up-to-date symlink: /home/loic-finette/Documents/byte_ws/ros2_ws/install/byte_leg_gazebo/share/byte_leg_gazebo/config/bridge.yaml
[1.024s] -- Up-to-date symlink: /home/loic-finette/Documents/byte_ws/ros2_ws/install/byte_leg_gazebo/share/ament_index/resource_index/package_run_dependencies/byte_leg_gazebo
[1.024s] -- Up-to-date symlink: /home/loic-finette/Documents/byte_ws/ros2_ws/install/byte_leg_gazebo/share/ament_index/resource_index/parent_prefix_path/byte_leg_gazebo
[1.024s] -- Up-to-date symlink: /home/loic-finette/Documents/byte_ws/ros2_ws/install/byte_leg_gazebo/share/byte_leg_gazebo/environment/ament_prefix_path.sh
[1.025s] -- Up-to-date symlink: /home/loic-finette/Documents/byte_ws/ros2_ws/install/byte_leg_gazebo/share/byte_leg_gazebo/environment/ament_prefix_path.dsv
[1.025s] -- Up-to-date symlink: /home/loic-finette/Documents/byte_ws/ros2_ws/install/byte_leg_gazebo/share/byte_leg_gazebo/environment/path.sh
[1.025s] -- Up-to-date symlink: /home/loic-finette/Documents/byte_ws/ros2_ws/install/byte_leg_gazebo/share/byte_leg_gazebo/environment/path.dsv
[1.025s] -- Up-to-date symlink: /home/loic-finette/Documents/byte_ws/ros2_ws/install/byte_leg_gazebo/share/byte_leg_gazebo/local_setup.bash
[1.026s] -- Up-to-date symlink: /home/loic-finette/Documents/byte_ws/ros2_ws/install/byte_leg_gazebo/share/byte_leg_gazebo/local_setup.sh
[1.026s] -- Up-to-date symlink: /home/loic-finette/Documents/byte_ws/ros2_ws/install/byte_leg_gazebo/share/byte_leg_gazebo/local_setup.zsh
[1.026s] -- Up-to-date symlink: /home/loic-finette/Documents/byte_ws/ros2_ws/install/byte_leg_gazebo/share/byte_leg_gazebo/local_setup.dsv
[1.026s] -- Symlinking: /home/loic-finette/Documents/byte_ws/ros2_ws/install/byte_leg_gazebo/share/byte_leg_gazebo/package.dsv
[1.029s] -- Up-to-date symlink: /home/loic-finette/Documents/byte_ws/ros2_ws/install/byte_leg_gazebo/share/ament_index/resource_index/packages/byte_leg_gazebo
[1.029s] -- Up-to-date symlink: /home/loic-finette/Documents/byte_ws/ros2_ws/install/byte_leg_gazebo/share/byte_leg_gazebo/cmake/byte_leg_gazeboConfig.cmake
[1.033s] -- Up-to-date symlink: /home/loic-finette/Documents/byte_ws/ros2_ws/install/byte_leg_gazebo/share/byte_leg_gazebo/cmake/byte_leg_gazeboConfig-version.cmake
[1.033s] -- Up-to-date symlink: /home/loic-finette/Documents/byte_ws/ros2_ws/install/byte_leg_gazebo/share/byte_leg_gazebo/package.xml
[1.034s] Invoked command in '/home/loic-finette/Documents/byte_ws/ros2_ws/build/byte_leg_gazebo' returned '0': CMAKE_PREFIX_PATH=${CMAKE_PREFIX_PATH}:/opt/ros/jazzy DEBUGINFOD_URLS=https://debuginfod.ubuntu.com /usr/bin/cmake --install /home/loic-finette/Documents/byte_ws/ros2_ws/build/byte_leg_gazebo
