running develop
Removing /home/loic-finette/Documents/byte_ws/ros2_ws/install/byte_leg_control/lib/python3.12/site-packages/byte-leg-control.egg-link (link to .)
running egg_info
writing ../../build/byte_leg_control/byte_leg_control.egg-info/PKG-INFO
writing dependency_links to ../../build/byte_leg_control/byte_leg_control.egg-info/dependency_links.txt
writing entry points to ../../build/byte_leg_control/byte_leg_control.egg-info/entry_points.txt
writing requirements to ../../build/byte_leg_control/byte_leg_control.egg-info/requires.txt
writing top-level names to ../../build/byte_leg_control/byte_leg_control.egg-info/top_level.txt
reading manifest file '../../build/byte_leg_control/byte_leg_control.egg-info/SOURCES.txt'
writing manifest file '../../build/byte_leg_control/byte_leg_control.egg-info/SOURCES.txt'
running build
running build_py
creating /home/loic-finette/Documents/byte_ws/ros2_ws/build/byte_leg_control/build
creating /home/loic-finette/Documents/byte_ws/ros2_ws/build/byte_leg_control/build/lib
creating /home/loic-finette/Documents/byte_ws/ros2_ws/build/byte_leg_control/build/lib/byte_leg_control
copying byte_leg_control/kinematics.py -> /home/loic-finette/Documents/byte_ws/ros2_ws/build/byte_leg_control/build/lib/byte_leg_control
copying byte_leg_control/ik_node.py -> /home/loic-finette/Documents/byte_ws/ros2_ws/build/byte_leg_control/build/lib/byte_leg_control
copying byte_leg_control/joy_teleop.py -> /home/loic-finette/Documents/byte_ws/ros2_ws/build/byte_leg_control/build/lib/byte_leg_control
copying byte_leg_control/__init__.py -> /home/loic-finette/Documents/byte_ws/ros2_ws/build/byte_leg_control/build/lib/byte_leg_control
running install
running install_lib
creating /home/loic-finette/Documents/byte_ws/ros2_ws/install/byte_leg_control/lib/python3.12/site-packages/byte_leg_control
copying /home/loic-finette/Documents/byte_ws/ros2_ws/build/byte_leg_control/build/lib/byte_leg_control/kinematics.py -> /home/loic-finette/Documents/byte_ws/ros2_ws/install/byte_leg_control/lib/python3.12/site-packages/byte_leg_control
copying /home/loic-finette/Documents/byte_ws/ros2_ws/build/byte_leg_control/build/lib/byte_leg_control/ik_node.py -> /home/loic-finette/Documents/byte_ws/ros2_ws/install/byte_leg_control/lib/python3.12/site-packages/byte_leg_control
copying /home/loic-finette/Documents/byte_ws/ros2_ws/build/byte_leg_control/build/lib/byte_leg_control/joy_teleop.py -> /home/loic-finette/Documents/byte_ws/ros2_ws/install/byte_leg_control/lib/python3.12/site-packages/byte_leg_control
copying /home/loic-finette/Documents/byte_ws/ros2_ws/build/byte_leg_control/build/lib/byte_leg_control/__init__.py -> /home/loic-finette/Documents/byte_ws/ros2_ws/install/byte_leg_control/lib/python3.12/site-packages/byte_leg_control
byte-compiling /home/loic-finette/Documents/byte_ws/ros2_ws/install/byte_leg_control/lib/python3.12/site-packages/byte_leg_control/kinematics.py to kinematics.cpython-312.pyc
byte-compiling /home/loic-finette/Documents/byte_ws/ros2_ws/install/byte_leg_control/lib/python3.12/site-packages/byte_leg_control/ik_node.py to ik_node.cpython-312.pyc
byte-compiling /home/loic-finette/Documents/byte_ws/ros2_ws/install/byte_leg_control/lib/python3.12/site-packages/byte_leg_control/joy_teleop.py to joy_teleop.cpython-312.pyc
byte-compiling /home/loic-finette/Documents/byte_ws/ros2_ws/install/byte_leg_control/lib/python3.12/site-packages/byte_leg_control/__init__.py to __init__.cpython-312.pyc
running install_data
copying resource/byte_leg_control -> /home/loic-finette/Documents/byte_ws/ros2_ws/install/byte_leg_control/share/ament_index/resource_index/packages
copying package.xml -> /home/loic-finette/Documents/byte_ws/ros2_ws/install/byte_leg_control/share/byte_leg_control
copying config/teleop.yaml -> /home/loic-finette/Documents/byte_ws/ros2_ws/install/byte_leg_control/share/byte_leg_control/config
copying config/controllers.yaml -> /home/loic-finette/Documents/byte_ws/ros2_ws/install/byte_leg_control/share/byte_leg_control/config
running install_egg_info
Copying ../../build/byte_leg_control/byte_leg_control.egg-info to /home/loic-finette/Documents/byte_ws/ros2_ws/install/byte_leg_control/lib/python3.12/site-packages/byte_leg_control-0.1.0-py3.12.egg-info
running install_scripts
Installing ik_node script to /home/loic-finette/Documents/byte_ws/ros2_ws/install/byte_leg_control/lib/byte_leg_control
Installing joy_teleop script to /home/loic-finette/Documents/byte_ws/ros2_ws/install/byte_leg_control/lib/byte_leg_control
writing list of installed files to '/home/loic-finette/Documents/byte_ws/ros2_ws/build/byte_leg_control/install.log'
