[0.367s] DEBUG:colcon:Command line arguments: ['/usr/bin/colcon', 'build', '--symlink-install', '--packages-select', 'byte_leg_hardware']
[0.367s] DEBUG:colcon:Parsed command line arguments: Namespace(log_base=None, log_level=None, verb_name='build', build_base='build', install_base='install', merge_install=False, symlink_install=True, test_result_base=None, continue_on_error=False, executor='parallel', parallel_workers=8, event_handlers=None, ignore_user_meta=False, metas=['./colcon.meta'], base_paths=['.'], packages_ignore=None, packages_ignore_regex=None, paths=None, packages_up_to=None, packages_up_to_regex=None, packages_above=None, packages_above_and_dependencies=None, packages_above_depth=None, packages_select_by_dep=None, packages_skip_by_dep=None, packages_skip_up_to=None, packages_select_build_failed=False, packages_skip_build_finished=False, packages_select_test_failures=False, packages_skip_test_passed=False, packages_select=['byte_leg_hardware'], packages_skip=None, packages_select_regex=None, packages_skip_regex=None, packages_start=None, packages_end=None, allow_overriding=[], cmake_args=None, cmake_target=None, cmake_target_skip_unavailable=False, cmake_clean_cache=False, cmake_clean_first=False, cmake_force_configure=False, ament_cmake_args=None, catkin_cmake_args=None, catkin_skip_building_tests=False, mixin_files=None, mixin=None, verb_parser=<colcon_mixin.mixin.mixin_argument.MixinArgumentDecorator object at 0x756ef4282e70>, verb_extension=<colcon_core.verb.build.BuildVerb object at 0x756ef4ae7c80>, main=<bound method BuildVerb.main of <colcon_core.verb.build.BuildVerb object at 0x756ef4ae7c80>>, mixin_verb=('build',))
[0.495s] Level 1:colcon.colcon_core.package_discovery:discover_packages(colcon_meta) check parameters
[0.496s] Level 1:colcon.colcon_core.package_discovery:discover_packages(recursive) check parameters
[0.496s] Level 1:colcon.colcon_core.package_discovery:discover_packages(ignore) check parameters
[0.496s] Level 1:colcon.colcon_core.package_discovery:discover_packages(path) check parameters
[0.496s] Level 1:colcon.colcon_core.package_discovery:discover_packages(colcon_meta) discover
[0.496s] Level 1:colcon.colcon_core.package_discovery:discover_packages(recursive) discover
[0.497s] INFO:colcon.colcon_core.package_discovery:Crawling recursively for packages in '/home/loic-finette/Documents/byte_ws/ros2_ws'
[0.497s] Level 1:colcon.colcon_core.package_identification:_identify(.) by extensions ['ignore', 'ignore_ament_install']
[0.497s] Level 1:colcon.colcon_core.package_identification:_identify(.) by extension 'ignore'
[0.497s] Level 1:colcon.colcon_core.package_identification:_identify(.) by extension 'ignore_ament_install'
[0.497s] Level 1:colcon.colcon_core.package_identification:_identify(.) by extensions ['colcon_pkg']
[0.498s] Level 1:colcon.colcon_core.package_identification:_identify(.) by extension 'colcon_pkg'
[0.498s] Level 1:colcon.colcon_core.package_identification:_identify(.) by extensions ['colcon_meta']
[0.498s] Level 1:colcon.colcon_core.package_identification:_identify(.) by extension 'colcon_meta'
[0.498s] Level 1:colcon.colcon_core.package_identification:_identify(.) by extensions ['ros']
[0.498s] Level 1:colcon.colcon_core.package_identification:_identify(.) by extension 'ros'
[0.582s] Level 1:colcon.colcon_core.package_identification:_identify(.) by extensions ['cmake', 'python']
[0.582s] Level 1:colcon.colcon_core.package_identification:_identify(.) by extension 'cmake'
[0.582s] Level 1:colcon.colcon_core.package_identification:_identify(.) by extension 'python'
[0.582s] Level 1:colcon.colcon_core.package_identification:_identify(.) by extensions ['python_setup_py']
[0.582s] Level 1:colcon.colcon_core.package_identification:_identify(.) by extension 'python_setup_py'
[0.583s] Level 1:colcon.colcon_core.package_identification:_identify(build) by extensions ['ignore', 'ignore_ament_install']
[0.583s] Level 1:colcon.colcon_core.package_identification:_identify(build) by extension 'ignore'
[0.583s] Level 1:colcon.colcon_core.package_identification:_identify(build) ignored
[0.584s] Level 1:colcon.colcon_core.package_identification:_identify(install) by extensions ['ignore', 'ignore_ament_install']
[0.584s] Level 1:colcon.colcon_core.package_identification:_identify(install) by extension 'ignore'
[0.584s] Level 1:colcon.colcon_core.package_identification:_identify(install) ignored
[0.585s] Level 1:colcon.colcon_core.package_identification:_identify(log) by extensions ['ignore', 'ignore_ament_install']
[0.585s] Level 1:colcon.colcon_core.package_identification:_identify(log) by extension 'ignore'
[0.585s] Level 1:colcon.colcon_core.package_identification:_identify(log) ignored
[0.585s] Level 1:colcon.colcon_core.package_identification:_identify(src) by extensions ['ignore', 'ignore_ament_install']
[0.586s] Level 1:colcon.colcon_core.package_identification:_identify(src) by extension 'ignore'
[0.586s] Level 1:colcon.colcon_core.package_identification:_identify(src) by extension 'ignore_ament_install'
[0.586s] Level 1:colcon.colcon_core.package_identification:_identify(src) by extensions ['colcon_pkg']
[0.586s] Level 1:colcon.colcon_core.package_identification:_identify(src) by extension 'colcon_pkg'
[0.587s] Level 1:colcon.colcon_core.package_identification:_identify(src) by extensions ['colcon_meta']
[0.587s] Level 1:colcon.colcon_core.package_identification:_identify(src) by extension 'colcon_meta'
[0.587s] Level 1:colcon.colcon_core.package_identification:_identify(src) by extensions ['ros']
[0.587s] Level 1:colcon.colcon_core.package_identification:_identify(src) by extension 'ros'
[0.587s] Level 1:colcon.colcon_core.package_identification:_identify(src) by extensions ['cmake', 'python']
[0.588s] Level 1:colcon.colcon_core.package_identification:_identify(src) by extension 'cmake'
[0.588s] Level 1:colcon.colcon_core.package_identification:_identify(src) by extension 'python'
[0.588s] Level 1:colcon.colcon_core.package_identification:_identify(src) by extensions ['python_setup_py']
[0.588s] Level 1:colcon.colcon_core.package_identification:_identify(src) by extension 'python_setup_py'
[0.588s] Level 1:colcon.colcon_core.package_identification:_identify(src/byte_leg_bringup) by extensions ['ignore', 'ignore_ament_install']
[0.589s] Level 1:colcon.colcon_core.package_identification:_identify(src/byte_leg_bringup) by extension 'ignore'
[0.589s] Level 1:colcon.colcon_core.package_identification:_identify(src/byte_leg_bringup) by extension 'ignore_ament_install'
[0.589s] Level 1:colcon.colcon_core.package_identification:_identify(src/byte_leg_bringup) by extensions ['colcon_pkg']
[0.589s] Level 1:colcon.colcon_core.package_identification:_identify(src/byte_leg_bringup) by extension 'colcon_pkg'
[0.590s] Level 1:colcon.colcon_core.package_identification:_identify(src/byte_leg_bringup) by extensions ['colcon_meta']
[0.590s] Level 1:colcon.colcon_core.package_identification:_identify(src/byte_leg_bringup) by extension 'colcon_meta'
[0.590s] Level 1:colcon.colcon_core.package_identification:_identify(src/byte_leg_bringup) by extensions ['ros']
[0.590s] Level 1:colcon.colcon_core.package_identification:_identify(src/byte_leg_bringup) by extension 'ros'
[0.598s] DEBUG:colcon.colcon_core.package_identification:Package 'src/byte_leg_bringup' with type 'ros.ament_python' and name 'byte_leg_bringup'
[0.599s] Level 1:colcon.colcon_core.package_identification:_identify(src/byte_leg_control) by extensions ['ignore', 'ignore_ament_install']
[0.599s] Level 1:colcon.colcon_core.package_identification:_identify(src/byte_leg_control) by extension 'ignore'
[0.599s] Level 1:colcon.colcon_core.package_identification:_identify(src/byte_leg_control) by extension 'ignore_ament_install'
[0.600s] Level 1:colcon.colcon_core.package_identification:_identify(src/byte_leg_control) by extensions ['colcon_pkg']
[0.600s] Level 1:colcon.colcon_core.package_identification:_identify(src/byte_leg_control) by extension 'colcon_pkg'
[0.600s] Level 1:colcon.colcon_core.package_identification:_identify(src/byte_leg_control) by extensions ['colcon_meta']
[0.600s] Level 1:colcon.colcon_core.package_identification:_identify(src/byte_leg_control) by extension 'colcon_meta'
[0.600s] Level 1:colcon.colcon_core.package_identification:_identify(src/byte_leg_control) by extensions ['ros']
[0.600s] Level 1:colcon.colcon_core.package_identification:_identify(src/byte_leg_control) by extension 'ros'
[0.603s] DEBUG:colcon.colcon_core.package_identification:Package 'src/byte_leg_control' with type 'ros.ament_python' and name 'byte_leg_control'
[0.603s] Level 1:colcon.colcon_core.package_identification:_identify(src/byte_leg_description) by extensions ['ignore', 'ignore_ament_install']
[0.603s] Level 1:colcon.colcon_core.package_identification:_identify(src/byte_leg_description) by extension 'ignore'
[0.604s] Level 1:colcon.colcon_core.package_identification:_identify(src/byte_leg_description) by extension 'ignore_ament_install'
[0.604s] Level 1:colcon.colcon_core.package_identification:_identify(src/byte_leg_description) by extensions ['colcon_pkg']
[0.604s] Level 1:colcon.colcon_core.package_identification:_identify(src/byte_leg_description) by extension 'colcon_pkg'
[0.604s] Level 1:colcon.colcon_core.package_identification:_identify(src/byte_leg_description) by extensions ['colcon_meta']
[0.604s] Level 1:colcon.colcon_core.package_identification:_identify(src/byte_leg_description) by extension 'colcon_meta'
[0.604s] Level 1:colcon.colcon_core.package_identification:_identify(src/byte_leg_description) by extensions ['ros']
[0.605s] Level 1:colcon.colcon_core.package_identification:_identify(src/byte_leg_description) by extension 'ros'
[0.606s] DEBUG:colcon.colcon_core.package_identification:Package 'src/byte_leg_description' with type 'ros.ament_cmake' and name 'byte_leg_description'
[0.607s] Level 1:colcon.colcon_core.package_identification:_identify(src/byte_leg_gazebo) by extensions ['ignore', 'ignore_ament_install']
[0.607s] Level 1:colcon.colcon_core.package_identification:_identify(src/byte_leg_gazebo) by extension 'ignore'
[0.607s] Level 1:colcon.colcon_core.package_identification:_identify(src/byte_leg_gazebo) by extension 'ignore_ament_install'
[0.607s] Level 1:colcon.colcon_core.package_identification:_identify(src/byte_leg_gazebo) by extensions ['colcon_pkg']
[0.607s] Level 1:colcon.colcon_core.package_identification:_identify(src/byte_leg_gazebo) by extension 'colcon_pkg'
[0.608s] Level 1:colcon.colcon_core.package_identification:_identify(src/byte_leg_gazebo) by extensions ['colcon_meta']
[0.608s] Level 1:colcon.colcon_core.package_identification:_identify(src/byte_leg_gazebo) by extension 'colcon_meta'
[0.608s] Level 1:colcon.colcon_core.package_identification:_identify(src/byte_leg_gazebo) by extensions ['ros']
[0.608s] Level 1:colcon.colcon_core.package_identification:_identify(src/byte_leg_gazebo) by extension 'ros'
[0.610s] DEBUG:colcon.colcon_core.package_identification:Package 'src/byte_leg_gazebo' with type 'ros.ament_cmake' and name 'byte_leg_gazebo'
[0.610s] Level 1:colcon.colcon_core.package_identification:_identify(src/byte_leg_hardware) by extensions ['ignore', 'ignore_ament_install']
[0.611s] Level 1:colcon.colcon_core.package_identification:_identify(src/byte_leg_hardware) by extension 'ignore'
[0.611s] Level 1:colcon.colcon_core.package_identification:_identify(src/byte_leg_hardware) by extension 'ignore_ament_install'
[0.611s] Level 1:colcon.colcon_core.package_identification:_identify(src/byte_leg_hardware) by extensions ['colcon_pkg']
[0.611s] Level 1:colcon.colcon_core.package_identification:_identify(src/byte_leg_hardware) by extension 'colcon_pkg'
[0.612s] Level 1:colcon.colcon_core.package_identification:_identify(src/byte_leg_hardware) by extensions ['colcon_meta']
[0.612s] Level 1:colcon.colcon_core.package_identification:_identify(src/byte_leg_hardware) by extension 'colcon_meta'
[0.612s] Level 1:colcon.colcon_core.package_identification:_identify(src/byte_leg_hardware) by extensions ['ros']
[0.612s] Level 1:colcon.colcon_core.package_identification:_identify(src/byte_leg_hardware) by extension 'ros'
[0.614s] DEBUG:colcon.colcon_core.package_identification:Package 'src/byte_leg_hardware' with type 'ros.ament_python' and name 'byte_leg_hardware'
[0.614s] Level 1:colcon.colcon_core.package_discovery:discover_packages(recursive) using defaults
[0.615s] Level 1:colcon.colcon_core.package_discovery:discover_packages(ignore) discover
[0.615s] Level 1:colcon.colcon_core.package_discovery:discover_packages(ignore) using defaults
[0.615s] Level 1:colcon.colcon_core.package_discovery:discover_packages(path) discover
[0.615s] Level 1:colcon.colcon_core.package_discovery:discover_packages(path) using defaults
[0.676s] INFO:colcon.colcon_core.package_selection:Skipping not selected package 'byte_leg_control' in 'src/byte_leg_control'
[0.676s] INFO:colcon.colcon_core.package_selection:Skipping not selected package 'byte_leg_description' in 'src/byte_leg_description'
[0.676s] INFO:colcon.colcon_core.package_selection:Skipping not selected package 'byte_leg_gazebo' in 'src/byte_leg_gazebo'
[0.677s] INFO:colcon.colcon_core.package_selection:Skipping not selected package 'byte_leg_bringup' in 'src/byte_leg_bringup'
[0.678s] Level 1:colcon.colcon_core.package_discovery:discover_packages(prefix_path) check parameters
[0.678s] Level 1:colcon.colcon_core.package_discovery:discover_packages(prefix_path) discover
[0.687s] DEBUG:colcon.colcon_installed_package_information.package_discovery:Found 386 installed packages in /opt/ros/jazzy
[0.693s] Level 1:colcon.colcon_core.package_discovery:discover_packages(prefix_path) using defaults
[0.908s] Level 5:colcon.colcon_core.verb:set package 'byte_leg_hardware' build argument 'cmake_args' from command line to 'None'
[0.908s] Level 5:colcon.colcon_core.verb:set package 'byte_leg_hardware' build argument 'cmake_target' from command line to 'None'
[0.908s] Level 5:colcon.colcon_core.verb:set package 'byte_leg_hardware' build argument 'cmake_target_skip_unavailable' from command line to 'False'
[0.908s] Level 5:colcon.colcon_core.verb:set package 'byte_leg_hardware' build argument 'cmake_clean_cache' from command line to 'False'
[0.908s] Level 5:colcon.colcon_core.verb:set package 'byte_leg_hardware' build argument 'cmake_clean_first' from command line to 'False'
[0.909s] Level 5:colcon.colcon_core.verb:set package 'byte_leg_hardware' build argument 'cmake_force_configure' from command line to 'False'
[0.909s] Level 5:colcon.colcon_core.verb:set package 'byte_leg_hardware' build argument 'ament_cmake_args' from command line to 'None'
[0.909s] Level 5:colcon.colcon_core.verb:set package 'byte_leg_hardware' build argument 'catkin_cmake_args' from command line to 'None'
[0.909s] Level 5:colcon.colcon_core.verb:set package 'byte_leg_hardware' build argument 'catkin_skip_building_tests' from command line to 'False'
[0.909s] DEBUG:colcon.colcon_core.verb:Building package 'byte_leg_hardware' with the following arguments: {'ament_cmake_args': None, 'build_base': '/home/loic-finette/Documents/byte_ws/ros2_ws/build/byte_leg_hardware', 'catkin_cmake_args': None, 'catkin_skip_building_tests': False, 'cmake_args': None, 'cmake_clean_cache': False, 'cmake_clean_first': False, 'cmake_force_configure': False, 'cmake_target': None, 'cmake_target_skip_unavailable': False, 'install_base': '/home/loic-finette/Documents/byte_ws/ros2_ws/install/byte_leg_hardware', 'merge_install': False, 'path': '/home/loic-finette/Documents/byte_ws/ros2_ws/src/byte_leg_hardware', 'symlink_install': True, 'test_result_base': None}
[0.910s] INFO:colcon.colcon_core.executor:Executing jobs using 'parallel' executor
[0.912s] DEBUG:colcon.colcon_parallel_executor.executor.parallel:run_until_complete
[0.912s] INFO:colcon.colcon_ros.task.ament_python.build:Building ROS package in '/home/loic-finette/Documents/byte_ws/ros2_ws/src/byte_leg_hardware' with build type 'ament_python'
[0.913s] Level 1:colcon.colcon_core.shell:create_environment_hook('byte_leg_hardware', 'ament_prefix_path')
[0.918s] INFO:colcon.colcon_core.plugin_system:Skipping extension 'colcon_core.shell.bat': Not used on non-Windows systems
[0.919s] INFO:colcon.colcon_core.shell:Creating environment hook '/home/loic-finette/Documents/byte_ws/ros2_ws/install/byte_leg_hardware/share/byte_leg_hardware/hook/ament_prefix_path.ps1'
[0.921s] INFO:colcon.colcon_core.shell:Creating environment descriptor '/home/loic-finette/Documents/byte_ws/ros2_ws/install/byte_leg_hardware/share/byte_leg_hardware/hook/ament_prefix_path.dsv'
[0.923s] INFO:colcon.colcon_core.shell:Creating environment hook '/home/loic-finette/Documents/byte_ws/ros2_ws/install/byte_leg_hardware/share/byte_leg_hardware/hook/ament_prefix_path.sh'
[0.925s] INFO:colcon.colcon_core.shell:Skip shell extension 'powershell' for command environment: Not usable outside of PowerShell
[0.925s] DEBUG:colcon.colcon_core.shell:Skip shell extension 'dsv' for command environment
[1.727s] INFO:colcon.colcon_core.task.python.build:Building Python package in '/home/loic-finette/Documents/byte_ws/ros2_ws/src/byte_leg_hardware'
[1.728s] INFO:colcon.colcon_core.shell:Skip shell extension 'powershell' for command environment: Not usable outside of PowerShell
[1.728s] DEBUG:colcon.colcon_core.shell:Skip shell extension 'dsv' for command environment
[4.018s] DEBUG:colcon.colcon_core.event_handler.log_command:Invoking command in '/home/loic-finette/Documents/byte_ws/ros2_ws/build/byte_leg_hardware': DEBUGINFOD_URLS=https://debuginfod.ubuntu.com PYTHONPATH=/home/loic-finette/Documents/byte_ws/ros2_ws/build/byte_leg_hardware/prefix_override:/usr/lib/python3/dist-packages/colcon_core/task/python/colcon_distutils_commands:/home/loic-finette/Documents/byte_ws/ros2_ws/install/byte_leg_hardware/lib/python3.12/site-packages:${PYTHONPATH} /usr/bin/python3 -W ignore:setup.py install is deprecated -W ignore:easy_install command is deprecated setup.py develop --editable --build-directory /home/loic-finette/Documents/byte_ws/ros2_ws/build/byte_leg_hardware/build --no-deps symlink_data
[6.721s] Level 1:colcon.colcon_core.shell:create_environment_hook('byte_leg_hardware', 'pythonpath_develop')
[6.722s] INFO:colcon.colcon_core.shell:Creating environment hook '/home/loic-finette/Documents/byte_ws/ros2_ws/build/byte_leg_hardware/share/byte_leg_hardware/hook/pythonpath_develop.ps1'
[6.725s] INFO:colcon.colcon_core.shell:Creating environment descriptor '/home/loic-finette/Documents/byte_ws/ros2_ws/build/byte_leg_hardware/share/byte_leg_hardware/hook/pythonpath_develop.dsv'
[6.724s] DEBUG:colcon.colcon_core.event_handler.log_command:Invoked command in '/home/loic-finette/Documents/byte_ws/ros2_ws/build/byte_leg_hardware' returned '0': DEBUGINFOD_URLS=https://debuginfod.ubuntu.com PYTHONPATH=/home/loic-finette/Documents/byte_ws/ros2_ws/build/byte_leg_hardware/prefix_override:/usr/lib/python3/dist-packages/colcon_core/task/python/colcon_distutils_commands:/home/loic-finette/Documents/byte_ws/ros2_ws/install/byte_leg_hardware/lib/python3.12/site-packages:${PYTHONPATH} /usr/bin/python3 -W ignore:setup.py install is deprecated -W ignore:easy_install command is deprecated setup.py develop --editable --build-directory /home/loic-finette/Documents/byte_ws/ros2_ws/build/byte_leg_hardware/build --no-deps symlink_data
[6.727s] INFO:colcon.colcon_core.shell:Creating environment hook '/home/loic-finette/Documents/byte_ws/ros2_ws/build/byte_leg_hardware/share/byte_leg_hardware/hook/pythonpath_develop.sh'
[6.738s] Level 1:colcon.colcon_core.environment:checking '/home/loic-finette/Documents/byte_ws/ros2_ws/install/byte_leg_hardware' for CMake module files
[6.741s] Level 1:colcon.colcon_core.environment:checking '/home/loic-finette/Documents/byte_ws/ros2_ws/install/byte_leg_hardware' for CMake config files
[6.743s] Level 1:colcon.colcon_core.environment:checking '/home/loic-finette/Documents/byte_ws/ros2_ws/install/byte_leg_hardware/lib'
[6.743s] Level 1:colcon.colcon_core.environment:checking '/home/loic-finette/Documents/byte_ws/ros2_ws/install/byte_leg_hardware/bin'
[6.744s] Level 1:colcon.colcon_core.environment:checking '/home/loic-finette/Documents/byte_ws/ros2_ws/install/byte_leg_hardware/lib/pkgconfig/byte_leg_hardware.pc'
[6.744s] Level 1:colcon.colcon_core.environment:checking '/home/loic-finette/Documents/byte_ws/ros2_ws/install/byte_leg_hardware/lib/python3.12/site-packages'
[6.745s] Level 1:colcon.colcon_core.shell:create_environment_hook('byte_leg_hardware', 'pythonpath')
[6.746s] INFO:colcon.colcon_core.shell:Creating environment hook '/home/loic-finette/Documents/byte_ws/ros2_ws/install/byte_leg_hardware/share/byte_leg_hardware/hook/pythonpath.ps1'
[6.747s] INFO:colcon.colcon_core.shell:Creating environment descriptor '/home/loic-finette/Documents/byte_ws/ros2_ws/install/byte_leg_hardware/share/byte_leg_hardware/hook/pythonpath.dsv'
[6.748s] INFO:colcon.colcon_core.shell:Creating environment hook '/home/loic-finette/Documents/byte_ws/ros2_ws/install/byte_leg_hardware/share/byte_leg_hardware/hook/pythonpath.sh'
[6.751s] Level 1:colcon.colcon_core.environment:checking '/home/loic-finette/Documents/byte_ws/ros2_ws/install/byte_leg_hardware/bin'
[6.752s] Level 1:colcon.colcon_core.environment:create_environment_scripts_only(byte_leg_hardware)
[6.753s] INFO:colcon.colcon_core.shell:Creating package script '/home/loic-finette/Documents/byte_ws/ros2_ws/install/byte_leg_hardware/share/byte_leg_hardware/package.ps1'
[6.756s] INFO:colcon.colcon_core.shell:Creating package descriptor '/home/loic-finette/Documents/byte_ws/ros2_ws/install/byte_leg_hardware/share/byte_leg_hardware/package.dsv'
[6.757s] INFO:colcon.colcon_core.shell:Creating package script '/home/loic-finette/Documents/byte_ws/ros2_ws/install/byte_leg_hardware/share/byte_leg_hardware/package.sh'
[6.760s] INFO:colcon.colcon_core.shell:Creating package script '/home/loic-finette/Documents/byte_ws/ros2_ws/install/byte_leg_hardware/share/byte_leg_hardware/package.bash'
[6.762s] INFO:colcon.colcon_core.shell:Creating package script '/home/loic-finette/Documents/byte_ws/ros2_ws/install/byte_leg_hardware/share/byte_leg_hardware/package.zsh'
[6.764s] Level 1:colcon.colcon_core.environment:create_file_with_runtime_dependencies(/home/loic-finette/Documents/byte_ws/ros2_ws/install/byte_leg_hardware/share/colcon-core/packages/byte_leg_hardware)
[6.765s] DEBUG:colcon.colcon_parallel_executor.executor.parallel:closing loop
[6.766s] DEBUG:colcon.colcon_parallel_executor.executor.parallel:loop closed
[6.767s] DEBUG:colcon.colcon_parallel_executor.executor.parallel:run_until_complete finished with '0'
[6.767s] DEBUG:colcon.colcon_core.event_reactor:joining thread
[6.784s] INFO:colcon.colcon_core.plugin_system:Skipping extension 'colcon_notification.desktop_notification.terminal_notifier': Not used on non-Darwin systems
[6.784s] INFO:colcon.colcon_core.plugin_system:Skipping extension 'colcon_notification.desktop_notification.win32': Not used on non-Windows systems
[6.785s] INFO:colcon.colcon_notification.desktop_notification:Sending desktop notification using 'notify2'
[6.826s] DEBUG:colcon.colcon_core.event_reactor:joined thread
[6.827s] INFO:colcon.colcon_core.shell:Creating prefix script '/home/loic-finette/Documents/byte_ws/ros2_ws/install/local_setup.ps1'
[6.832s] INFO:colcon.colcon_core.shell:Creating prefix util module '/home/loic-finette/Documents/byte_ws/ros2_ws/install/_local_setup_util_ps1.py'
[6.841s] INFO:colcon.colcon_core.shell:Creating prefix chain script '/home/loic-finette/Documents/byte_ws/ros2_ws/install/setup.ps1'
[6.845s] INFO:colcon.colcon_core.shell:Creating prefix script '/home/loic-finette/Documents/byte_ws/ros2_ws/install/local_setup.sh'
[6.847s] INFO:colcon.colcon_core.shell:Creating prefix util module '/home/loic-finette/Documents/byte_ws/ros2_ws/install/_local_setup_util_sh.py'
[6.850s] INFO:colcon.colcon_core.shell:Creating prefix chain script '/home/loic-finette/Documents/byte_ws/ros2_ws/install/setup.sh'
[6.854s] INFO:colcon.colcon_core.shell:Creating prefix script '/home/loic-finette/Documents/byte_ws/ros2_ws/install/local_setup.bash'
[6.855s] INFO:colcon.colcon_core.shell:Creating prefix chain script '/home/loic-finette/Documents/byte_ws/ros2_ws/install/setup.bash'
[6.859s] INFO:colcon.colcon_core.shell:Creating prefix script '/home/loic-finette/Documents/byte_ws/ros2_ws/install/local_setup.zsh'
[6.860s] INFO:colcon.colcon_core.shell:Creating prefix chain script '/home/loic-finette/Documents/byte_ws/ros2_ws/install/setup.zsh'
