[1.436s] Invoking command in '/home/loic-finette/Documents/byte_ws/ros2_ws/build/byte_leg_hardware': DEBUGINFOD_URLS=https://debuginfod.ubuntu.com PYTHONPATH=/home/loic-finette/Documents/byte_ws/ros2_ws/build/byte_leg_hardware/prefix_override:/usr/lib/python3/dist-packages/colcon_core/task/python/colcon_distutils_commands:/home/loic-finette/Documents/byte_ws/ros2_ws/install/byte_leg_hardware/lib/python3.12/site-packages:${PYTHONPATH} /usr/bin/python3 -W ignore:setup.py install is deprecated -W ignore:easy_install command is deprecated setup.py develop --uninstall --editable --build-directory /home/loic-finette/Documents/byte_ws/ros2_ws/build/byte_leg_hardware/build
[1.852s] running develop
[2.209s] Removing /home/loic-finette/Documents/byte_ws/ros2_ws/install/byte_leg_hardware/lib/python3.12/site-packages/byte-leg-hardware.egg-link (link to .)
[2.252s] Invoked command in '/home/loic-finette/Documents/byte_ws/ros2_ws/build/byte_leg_hardware' returned '0': DEBUGINFOD_URLS=https://debuginfod.ubuntu.com PYTHONPATH=/home/loic-finette/Documents/byte_ws/ros2_ws/build/byte_leg_hardware/prefix_override:/usr/lib/python3/dist-packages/colcon_core/task/python/colcon_distutils_commands:/home/loic-finette/Documents/byte_ws/ros2_ws/install/byte_leg_hardware/lib/python3.12/site-packages:${PYTHONPATH} /usr/bin/python3 -W ignore:setup.py install is deprecated -W ignore:easy_install command is deprecated setup.py develop --uninstall --editable --build-directory /home/loic-finette/Documents/byte_ws/ros2_ws/build/byte_leg_hardware/build
[2.255s] Invoking command in '/home/loic-finette/Documents/byte_ws/ros2_ws/src/byte_leg_hardware': DEBUGINFOD_URLS=https://debuginfod.ubuntu.com PYTHONPATH=/home/loic-finette/Documents/byte_ws/ros2_ws/build/byte_leg_hardware/prefix_override:/usr/lib/python3/dist-packages/colcon_core/task/python/colcon_distutils_commands:/home/loic-finette/Documents/byte_ws/ros2_ws/install/byte_leg_hardware/lib/python3.12/site-packages:${PYTHONPATH} /usr/bin/python3 -W ignore:setup.py install is deprecated -W ignore:easy_install command is deprecated setup.py egg_info --egg-base ../../build/byte_leg_hardware build --build-base /home/loic-finette/Documents/byte_ws/ros2_ws/build/byte_leg_hardware/build install --record /home/loic-finette/Documents/byte_ws/ros2_ws/build/byte_leg_hardware/install.log --single-version-externally-managed install_data --force
[2.799s] running egg_info
[2.840s] writing ../../build/byte_leg_hardware/byte_leg_hardware.egg-info/PKG-INFO
[2.841s] writing dependency_links to ../../build/byte_leg_hardware/byte_leg_hardware.egg-info/dependency_links.txt
[2.841s] writing entry points to ../../build/byte_leg_hardware/byte_leg_hardware.egg-info/entry_points.txt
[2.842s] writing requirements to ../../build/byte_leg_hardware/byte_leg_hardware.egg-info/requires.txt
[2.842s] writing top-level names to ../../build/byte_leg_hardware/byte_leg_hardware.egg-info/top_level.txt
[2.939s] reading manifest file '../../build/byte_leg_hardware/byte_leg_hardware.egg-info/SOURCES.txt'
[2.941s] writing manifest file '../../build/byte_leg_hardware/byte_leg_hardware.egg-info/SOURCES.txt'
[2.941s] running build
[2.942s] running build_py
[2.942s] copying byte_leg_hardware/can_waveshare.py -> /home/loic-finette/Documents/byte_ws/ros2_ws/build/byte_leg_hardware/build/lib/byte_leg_hardware
[2.943s] copying byte_leg_hardware/can_relay.py -> /home/loic-finette/Documents/byte_ws/ros2_ws/build/byte_leg_hardware/build/lib/byte_leg_hardware
[2.943s] running install
[2.962s] running install_lib
[3.015s] creating /home/loic-finette/Documents/byte_ws/ros2_ws/install/byte_leg_hardware/lib/python3.12/site-packages/byte_leg_hardware
[3.016s] copying /home/loic-finette/Documents/byte_ws/ros2_ws/build/byte_leg_hardware/build/lib/byte_leg_hardware/can_waveshare.py -> /home/loic-finette/Documents/byte_ws/ros2_ws/install/byte_leg_hardware/lib/python3.12/site-packages/byte_leg_hardware
[3.016s] copying /home/loic-finette/Documents/byte_ws/ros2_ws/build/byte_leg_hardware/build/lib/byte_leg_hardware/can_relay.py -> /home/loic-finette/Documents/byte_ws/ros2_ws/install/byte_leg_hardware/lib/python3.12/site-packages/byte_leg_hardware
[3.017s] copying /home/loic-finette/Documents/byte_ws/ros2_ws/build/byte_leg_hardware/build/lib/byte_leg_hardware/__init__.py -> /home/loic-finette/Documents/byte_ws/ros2_ws/install/byte_leg_hardware/lib/python3.12/site-packages/byte_leg_hardware
[3.018s] byte-compiling /home/loic-finette/Documents/byte_ws/ros2_ws/install/byte_leg_hardware/lib/python3.12/site-packages/byte_leg_hardware/can_waveshare.py to can_waveshare.cpython-312.pyc
[3.021s] byte-compiling /home/loic-finette/Documents/byte_ws/ros2_ws/install/byte_leg_hardware/lib/python3.12/site-packages/byte_leg_hardware/can_relay.py to can_relay.cpython-312.pyc
[3.030s] byte-compiling /home/loic-finette/Documents/byte_ws/ros2_ws/install/byte_leg_hardware/lib/python3.12/site-packages/byte_leg_hardware/__init__.py to __init__.cpython-312.pyc
[3.031s] running install_data
[3.031s] copying resource/byte_leg_hardware -> /home/loic-finette/Documents/byte_ws/ros2_ws/install/byte_leg_hardware/share/ament_index/resource_index/packages
[3.032s] copying package.xml -> /home/loic-finette/Documents/byte_ws/ros2_ws/install/byte_leg_hardware/share/byte_leg_hardware
[3.032s] copying config/hardware.yaml -> /home/loic-finette/Documents/byte_ws/ros2_ws/install/byte_leg_hardware/share/byte_leg_hardware/config
[3.032s] running install_egg_info
[3.087s] Copying ../../build/byte_leg_hardware/byte_leg_hardware.egg-info to /home/loic-finette/Documents/byte_ws/ros2_ws/install/byte_leg_hardware/lib/python3.12/site-packages/byte_leg_hardware-0.1.0-py3.12.egg-info
[3.181s] running install_scripts
[3.496s] Installing can_relay script to /home/loic-finette/Documents/byte_ws/ros2_ws/install/byte_leg_hardware/lib/byte_leg_hardware
[3.497s] writing list of installed files to '/home/loic-finette/Documents/byte_ws/ros2_ws/build/byte_leg_hardware/install.log'
[3.551s] Invoked command in '/home/loic-finette/Documents/byte_ws/ros2_ws/src/byte_leg_hardware' returned '0': DEBUGINFOD_URLS=https://debuginfod.ubuntu.com PYTHONPATH=/home/loic-finette/Documents/byte_ws/ros2_ws/build/byte_leg_hardware/prefix_override:/usr/lib/python3/dist-packages/colcon_core/task/python/colcon_distutils_commands:/home/loic-finette/Documents/byte_ws/ros2_ws/install/byte_leg_hardware/lib/python3.12/site-packages:${PYTHONPATH} /usr/bin/python3 -W ignore:setup.py install is deprecated -W ignore:easy_install command is deprecated setup.py egg_info --egg-base ../../build/byte_leg_hardware build --build-base /home/loic-finette/Documents/byte_ws/ros2_ws/build/byte_leg_hardware/build install --record /home/loic-finette/Documents/byte_ws/ros2_ws/build/byte_leg_hardware/install.log --single-version-externally-managed install_data --force
