[0.445s] Invoking command in '/home/loic-finette/Documents/byte_ws/ros2_ws/build/byte_leg_description': CMAKE_PREFIX_PATH=${CMAKE_PREFIX_PATH}:/home/loic-finette/Documents/byte_ws/ros2_ws/install/byte_leg_bringup:/home/loic-finette/Documents/byte_ws/ros2_ws/install/byte_leg_hardware:/home/loic-finette/Documents/byte_ws/ros2_ws/install/byte_leg_control:/opt/ros/jazzy DEBUGINFOD_URLS=https://debuginfod.ubuntu.com /usr/bin/cmake /home/loic-finette/Documents/byte_ws/ros2_ws/src/byte_leg_description -DCMAKE_INSTALL_PREFIX=/home/loic-finette/Documents/byte_ws/ros2_ws/install/byte_leg_description
[0.502s] -- Found ament_cmake: 2.5.4 (/opt/ros/jazzy/share/ament_cmake/cmake)
[0.915s] -- Override CMake install command with custom implementation using symlinks instead of copying resources
[1.187s] -- Configuring done (0.7s)
[1.203s] -- Generating done (0.0s)
[1.208s] -- Build files have been written to: /home/loic-finette/Documents/byte_ws/ros2_ws/build/byte_leg_description
[1.214s] Invoked command in '/home/loic-finette/Documents/byte_ws/ros2_ws/build/byte_leg_description' returned '0': CMAKE_PREFIX_PATH=${CMAKE_PREFIX_PATH}:/home/loic-finette/Documents/byte_ws/ros2_ws/install/byte_leg_bringup:/home/loic-finette/Documents/byte_ws/ros2_ws/install/byte_leg_hardware:/home/loic-finette/Documents/byte_ws/ros2_ws/install/byte_leg_control:/opt/ros/jazzy DEBUGINFOD_URLS=https://debuginfod.ubuntu.com /usr/bin/cmake /home/loic-finette/Documents/byte_ws/ros2_ws/src/byte_leg_description -DCMAKE_INSTALL_PREFIX=/home/loic-finette/Documents/byte_ws/ros2_ws/install/byte_leg_description
[1.217s] Invoking command in '/home/loic-finette/Documents/byte_ws/ros2_ws/build/byte_leg_description': CMAKE_PREFIX_PATH=${CMAKE_PREFIX_PATH}:/home/loic-finette/Documents/byte_ws/ros2_ws/install/byte_leg_bringup:/home/loic-finette/Documents/byte_ws/ros2_ws/install/byte_leg_hardware:/home/loic-finette/Documents/byte_ws/ros2_ws/install/byte_leg_control:/opt/ros/jazzy DEBUGINFOD_URLS=https://debuginfod.ubuntu.com /usr/bin/cmake --build /home/loic-finette/Documents/byte_ws/ros2_ws/build/byte_leg_description -- -j8 -l8
[1.291s] Invoked command in '/home/loic-finette/Documents/byte_ws/ros2_ws/build/byte_leg_description' returned '0': CMAKE_PREFIX_PATH=${CMAKE_PREFIX_PATH}:/home/loic-finette/Documents/byte_ws/ros2_ws/install/byte_leg_bringup:/home/loic-finette/Documents/byte_ws/ros2_ws/install/byte_leg_hardware:/home/loic-finette/Documents/byte_ws/ros2_ws/install/byte_leg_control:/opt/ros/jazzy DEBUGINFOD_URLS=https://debuginfod.ubuntu.com /usr/bin/cmake --build /home/loic-finette/Documents/byte_ws/ros2_ws/build/byte_leg_description -- -j8 -l8
[1.318s] Invoking command in '/home/loic-finette/Documents/byte_ws/ros2_ws/build/byte_leg_description': CMAKE_PREFIX_PATH=${CMAKE_PREFIX_PATH}:/home/loic-finette/Documents/byte_ws/ros2_ws/install/byte_leg_bringup:/home/loic-finette/Documents/byte_ws/ros2_ws/install/byte_leg_hardware:/home/loic-finette/Documents/byte_ws/ros2_ws/install/byte_leg_control:/opt/ros/jazzy DEBUGINFOD_URLS=https://debuginfod.ubuntu.com /usr/bin/cmake --install /home/loic-finette/Documents/byte_ws/ros2_ws/build/byte_leg_description
[1.337s] -- Install configuration: ""
[1.338s] -- Execute custom install script
[1.339s] -- Up-to-date symlink: /home/loic-finette/Documents/byte_ws/ros2_ws/install/byte_leg_description/share/byte_leg_description/urdf/leg.urdf.xacro
[1.340s] -- Up-to-date symlink: /home/loic-finette/Documents/byte_ws/ros2_ws/install/byte_leg_description/share/ament_index/resource_index/package_run_dependencies/byte_leg_description
[1.341s] -- Up-to-date symlink: /home/loic-finette/Documents/byte_ws/ros2_ws/install/byte_leg_description/share/ament_index/resource_index/parent_prefix_path/byte_leg_description
[1.341s] -- Up-to-date symlink: /home/loic-finette/Documents/byte_ws/ros2_ws/install/byte_leg_description/share/byte_leg_description/environment/ament_prefix_path.sh
[1.342s] -- Up-to-date symlink: /home/loic-finette/Documents/byte_ws/ros2_ws/install/byte_leg_description/share/byte_leg_description/environment/ament_prefix_path.dsv
[1.342s] -- Up-to-date symlink: /home/loic-finette/Documents/byte_ws/ros2_ws/install/byte_leg_description/share/byte_leg_description/environment/path.sh
[1.344s] -- Up-to-date symlink: /home/loic-finette/Documents/byte_ws/ros2_ws/install/byte_leg_description/share/byte_leg_description/environment/path.dsv
[1.344s] -- Up-to-date symlink: /home/loic-finette/Documents/byte_ws/ros2_ws/install/byte_leg_description/share/byte_leg_description/local_setup.bash
[1.345s] -- Up-to-date symlink: /home/loic-finette/Documents/byte_ws/ros2_ws/install/byte_leg_description/share/byte_leg_description/local_setup.sh
[1.345s] -- Up-to-date symlink: /home/loic-finette/Documents/byte_ws/ros2_ws/install/byte_leg_description/share/byte_leg_description/local_setup.zsh
[1.346s] -- Up-to-date symlink: /home/loic-finette/Documents/byte_ws/ros2_ws/install/byte_leg_description/share/byte_leg_description/local_setup.dsv
[1.347s] -- Symlinking: /home/loic-finette/Documents/byte_ws/ros2_ws/install/byte_leg_description/share/byte_leg_description/package.dsv
[1.368s] -- Up-to-date symlink: /home/loic-finette/Documents/byte_ws/ros2_ws/install/byte_leg_description/share/ament_index/resource_index/packages/byte_leg_description
[1.368s] -- Up-to-date symlink: /home/loic-finette/Documents/byte_ws/ros2_ws/install/byte_leg_description/share/byte_leg_description/cmake/byte_leg_descriptionConfig.cmake
[1.369s] -- Up-to-date symlink: /home/loic-finette/Documents/byte_ws/ros2_ws/install/byte_leg_description/share/byte_leg_description/cmake/byte_leg_descriptionConfig-version.cmake
[1.369s] -- Up-to-date symlink: /home/loic-finette/Documents/byte_ws/ros2_ws/install/byte_leg_description/share/byte_leg_description/package.xml
[1.374s] Invoked command in '/home/loic-finette/Documents/byte_ws/ros2_ws/build/byte_leg_description' returned '0': CMAKE_PREFIX_PATH=${CMAKE_PREFIX_PATH}:/home/loic-finette/Documents/byte_ws/ros2_ws/install/byte_leg_bringup:/home/loic-finette/Documents/byte_ws/ros2_ws/install/byte_leg_hardware:/home/loic-finette/Documents/byte_ws/ros2_ws/install/byte_leg_control:/opt/ros/jazzy DEBUGINFOD_URLS=https://debuginfod.ubuntu.com /usr/bin/cmake --install /home/loic-finette/Documents/byte_ws/ros2_ws/build/byte_leg_description
