[1.439s] Invoking command in '/home/loic-finette/Documents/byte_ws/ros2_ws/build/byte_leg_gazebo': CMAKE_PREFIX_PATH=${CMAKE_PREFIX_PATH}:/opt/ros/jazzy DEBUGINFOD_URLS=https://debuginfod.ubuntu.com /usr/bin/cmake --build /home/loic-finette/Documents/byte_ws/ros2_ws/build/byte_leg_gazebo -- -j8 -l8
[2.830s] Invoked command in '/home/loic-finette/Documents/byte_ws/ros2_ws/build/byte_leg_gazebo' returned '0': CMAKE_PREFIX_PATH=${CMAKE_PREFIX_PATH}:/opt/ros/jazzy DEBUGINFOD_URLS=https://debuginfod.ubuntu.com /usr/bin/cmake --build /home/loic-finette/Documents/byte_ws/ros2_ws/build/byte_leg_gazebo -- -j8 -l8
[2.844s] Invoking command in '/home/loic-finette/Documents/byte_ws/ros2_ws/build/byte_leg_gazebo': CMAKE_PREFIX_PATH=${CMAKE_PREFIX_PATH}:/opt/ros/jazzy DEBUGINFOD_URLS=https://debuginfod.ubuntu.com /usr/bin/cmake --install /home/loic-finette/Documents/byte_ws/ros2_ws/build/byte_leg_gazebo
[2.881s] -- Install configuration: ""
[2.887s] -- Execute custom install script
[2.888s] -- Up-to-date symlink: /home/loic-finette/Documents/byte_ws/ros2_ws/install/byte_leg_gazebo/share/byte_leg_gazebo/worlds/bench.sdf
[2.890s] -- Up-to-date symlink: /home/loic-finette/Documents/byte_ws/ros2_ws/install/byte_leg_gazebo/share/byte_leg_gazebo/config/bridge.yaml
[2.893s] -- Up-to-date symlink: /home/loic-finette/Documents/byte_ws/ros2_ws/install/byte_leg_gazebo/share/ament_index/resource_index/package_run_dependencies/byte_leg_gazebo
[2.894s] -- Up-to-date symlink: /home/loic-finette/Documents/byte_ws/ros2_ws/install/byte_leg_gazebo/share/ament_index/resource_index/parent_prefix_path/byte_leg_gazebo
[2.899s] -- Up-to-date symlink: /home/loic-finette/Documents/byte_ws/ros2_ws/install/byte_leg_gazebo/share/byte_leg_gazebo/environment/ament_prefix_path.sh
[2.900s] -- Up-to-date symlink: /home/loic-finette/Documents/byte_ws/ros2_ws/install/byte_leg_gazebo/share/byte_leg_gazebo/environment/ament_prefix_path.dsv
[2.902s] -- Up-to-date symlink: /home/loic-finette/Documents/byte_ws/ros2_ws/install/byte_leg_gazebo/share/byte_leg_gazebo/environment/path.sh
[2.903s] -- Up-to-date symlink: /home/loic-finette/Documents/byte_ws/ros2_ws/install/byte_leg_gazebo/share/byte_leg_gazebo/environment/path.dsv
[2.903s] -- Up-to-date symlink: /home/loic-finette/Documents/byte_ws/ros2_ws/install/byte_leg_gazebo/share/byte_leg_gazebo/local_setup.bash
[2.915s] -- Up-to-date symlink: /home/loic-finette/Documents/byte_ws/ros2_ws/install/byte_leg_gazebo/share/byte_leg_gazebo/local_setup.sh
[2.916s] -- Up-to-date symlink: /home/loic-finette/Documents/byte_ws/ros2_ws/install/byte_leg_gazebo/share/byte_leg_gazebo/local_setup.zsh
[2.916s] -- Up-to-date symlink: /home/loic-finette/Documents/byte_ws/ros2_ws/install/byte_leg_gazebo/share/byte_leg_gazebo/local_setup.dsv
[2.917s] -- Symlinking: /home/loic-finette/Documents/byte_ws/ros2_ws/install/byte_leg_gazebo/share/byte_leg_gazebo/package.dsv
[2.946s] -- Up-to-date symlink: /home/loic-finette/Documents/byte_ws/ros2_ws/install/byte_leg_gazebo/share/ament_index/resource_index/packages/byte_leg_gazebo
[2.949s] -- Up-to-date symlink: /home/loic-finette/Documents/byte_ws/ros2_ws/install/byte_leg_gazebo/share/byte_leg_gazebo/cmake/byte_leg_gazeboConfig.cmake
[2.954s] -- Up-to-date symlink: /home/loic-finette/Documents/byte_ws/ros2_ws/install/byte_leg_gazebo/share/byte_leg_gazebo/cmake/byte_leg_gazeboConfig-version.cmake
[2.955s] -- Up-to-date symlink: /home/loic-finette/Documents/byte_ws/ros2_ws/install/byte_leg_gazebo/share/byte_leg_gazebo/package.xml
[2.965s] Invoked command in '/home/loic-finette/Documents/byte_ws/ros2_ws/build/byte_leg_gazebo' returned '0': CMAKE_PREFIX_PATH=${CMAKE_PREFIX_PATH}:/opt/ros/jazzy DEBUGINFOD_URLS=https://debuginfod.ubuntu.com /usr/bin/cmake --install /home/loic-finette/Documents/byte_ws/ros2_ws/build/byte_leg_gazebo
