[0.194s] DEBUG:colcon:Command line arguments: ['/usr/bin/colcon', 'build', '--symlink-install', '--packages-select', 'byte_leg_hardware']
[0.194s] DEBUG:colcon:Parsed command line arguments: Namespace(log_base=None, log_level=None, verb_name='build', build_base='build', install_base='install', merge_install=False, symlink_install=True, test_result_base=None, continue_on_error=False, executor='parallel', parallel_workers=8, event_handlers=None, ignore_user_meta=False, metas=['./colcon.meta'], base_paths=['.'], packages_ignore=None, packages_ignore_regex=None, paths=None, packages_up_to=None, packages_up_to_regex=None, packages_above=None, packages_above_and_dependencies=None, packages_above_depth=None, packages_select_by_dep=None, packages_skip_by_dep=None, packages_skip_up_to=None, packages_select_build_failed=False, packages_skip_build_finished=False, packages_select_test_failures=False, packages_skip_test_passed=False, packages_select=['byte_leg_hardware'], packages_skip=None, packages_select_regex=None, packages_skip_regex=None, packages_start=None, packages_end=None, allow_overriding=[], cmake_args=None, cmake_target=None, cmake_target_skip_unavailable=False, cmake_clean_cache=False, cmake_clean_first=False, cmake_force_configure=False, ament_cmake_args=None, catkin_cmake_args=None, catkin_skip_building_tests=False, mixin_files=None, mixin=None, verb_parser=<colcon_mixin.mixin.mixin_argument.MixinArgumentDecorator object at 0x769900e9a840>, verb_extension=<colcon_core.verb.build.BuildVerb object at 0x769900e15280>, main=<bound method BuildVerb.main of <colcon_core.verb.build.BuildVerb object at 0x769900e15280>>, mixin_verb=('build',))
[0.277s] Level 1:colcon.colcon_core.package_discovery:discover_packages(colcon_meta) check parameters
[0.277s] Level 1:colcon.colcon_core.package_discovery:discover_packages(recursive) check parameters
[0.277s] Level 1:colcon.colcon_core.package_discovery:discover_packages(ignore) check parameters
[0.277s] Level 1:colcon.colcon_core.package_discovery:discover_packages(path) check parameters
[0.278s] Level 1:colcon.colcon_core.package_discovery:discover_packages(colcon_meta) discover
[0.278s] Level 1:colcon.colcon_core.package_discovery:discover_packages(recursive) discover
[0.278s] INFO:colcon.colcon_core.package_discovery:Crawling recursively for packages in '/home/loic-finette/Documents/byte_ws/ros2_ws'
[0.278s] Level 1:colcon.colcon_core.package_identification:_identify(.) by extensions ['ignore', 'ignore_ament_install']
[0.278s] Level 1:colcon.colcon_core.package_identification:_identify(.) by extension 'ignore'
[0.278s] Level 1:colcon.colcon_core.package_identification:_identify(.) by extension 'ignore_ament_install'
[0.279s] Level 1:colcon.colcon_core.package_identification:_identify(.) by extensions ['colcon_pkg']
[0.279s] Level 1:colcon.colcon_core.package_identification:_identify(.) by extension 'colcon_pkg'
[0.279s] Level 1:colcon.colcon_core.package_identification:_identify(.) by extensions ['colcon_meta']
[0.279s] Level 1:colcon.colcon_core.package_identification:_identify(.) by extension 'colcon_meta'
[0.279s] Level 1:colcon.colcon_core.package_identification:_identify(.) by extensions ['ros']
[0.279s] Level 1:colcon.colcon_core.package_identification:_identify(.) by extension 'ros'
[0.335s] Level 1:colcon.colcon_core.package_identification:_identify(.) by extensions ['cmake', 'python']
[0.335s] Level 1:colcon.colcon_core.package_identification:_identify(.) by extension 'cmake'
[0.336s] Level 1:colcon.colcon_core.package_identification:_identify(.) by extension 'python'
[0.336s] Level 1:colcon.colcon_core.package_identification:_identify(.) by extensions ['python_setup_py']
[0.336s] Level 1:colcon.colcon_core.package_identification:_identify(.) by extension 'python_setup_py'
[0.336s] Level 1:colcon.colcon_core.package_identification:_identify(build) by extensions ['ignore', 'ignore_ament_install']
[0.336s] Level 1:colcon.colcon_core.package_identification:_identify(build) by extension 'ignore'
[0.336s] Level 1:colcon.colcon_core.package_identification:_identify(build) ignored
[0.337s] Level 1:colcon.colcon_core.package_identification:_identify(install) by extensions ['ignore', 'ignore_ament_install']
[0.337s] Level 1:colcon.colcon_core.package_identification:_identify(install) by extension 'ignore'
[0.337s] Level 1:colcon.colcon_core.package_identification:_identify(install) ignored
[0.337s] Level 1:colcon.colcon_core.package_identification:_identify(log) by extensions ['ignore', 'ignore_ament_install']
[0.338s] Level 1:colcon.colcon_core.package_identification:_identify(log) by extension 'ignore'
[0.338s] Level 1:colcon.colcon_core.package_identification:_identify(log) ignored
[0.338s] Level 1:colcon.colcon_core.package_identification:_identify(src) by extensions ['ignore', 'ignore_ament_install']
[0.339s] Level 1:colcon.colcon_core.package_identification:_identify(src) by extension 'ignore'
[0.339s] Level 1:colcon.colcon_core.package_identification:_identify(src) by extension 'ignore_ament_install'
[0.339s] Level 1:colcon.colcon_core.package_identification:_identify(src) by extensions ['colcon_pkg']
[0.339s] Level 1:colcon.colcon_core.package_identification:_identify(src) by extension 'colcon_pkg'
[0.339s] Level 1:colcon.colcon_core.package_identification:_identify(src) by extensions ['colcon_meta']
[0.340s] Level 1:colcon.colcon_core.package_identification:_identify(src) by extension 'colcon_meta'
[0.340s] Level 1:colcon.colcon_core.package_identification:_identify(src) by extensions ['ros']
[0.340s] Level 1:colcon.colcon_core.package_identification:_identify(src) by extension 'ros'
[0.340s] Level 1:colcon.colcon_core.package_identification:_identify(src) by extensions ['cmake', 'python']
[0.340s] Level 1:colcon.colcon_core.package_identification:_identify(src) by extension 'cmake'
[0.340s] Level 1:colcon.colcon_core.package_identification:_identify(src) by extension 'python'
[0.340s] Level 1:colcon.colcon_core.package_identification:_identify(src) by extensions ['python_setup_py']
[0.341s] Level 1:colcon.colcon_core.package_identification:_identify(src) by extension 'python_setup_py'
[0.341s] Level 1:colcon.colcon_core.package_identification:_identify(src/byte_leg_bringup) by extensions ['ignore', 'ignore_ament_install']
[0.341s] Level 1:colcon.colcon_core.package_identification:_identify(src/byte_leg_bringup) by extension 'ignore'
[0.341s] Level 1:colcon.colcon_core.package_identification:_identify(src/byte_leg_bringup) by extension 'ignore_ament_install'
[0.341s] Level 1:colcon.colcon_core.package_identification:_identify(src/byte_leg_bringup) by extensions ['colcon_pkg']
[0.341s] Level 1:colcon.colcon_core.package_identification:_identify(src/byte_leg_bringup) by extension 'colcon_pkg'
[0.342s] Level 1:colcon.colcon_core.package_identification:_identify(src/byte_leg_bringup) by extensions ['colcon_meta']
[0.342s] Level 1:colcon.colcon_core.package_identification:_identify(src/byte_leg_bringup) by extension 'colcon_meta'
[0.342s] Level 1:colcon.colcon_core.package_identification:_identify(src/byte_leg_bringup) by extensions ['ros']
[0.342s] Level 1:colcon.colcon_core.package_identification:_identify(src/byte_leg_bringup) by extension 'ros'
[0.348s] DEBUG:colcon.colcon_core.package_identification:Package 'src/byte_leg_bringup' with type 'ros.ament_python' and name 'byte_leg_bringup'
[0.348s] Level 1:colcon.colcon_core.package_identification:_identify(src/byte_leg_control) by extensions ['ignore', 'ignore_ament_install']
[0.348s] Level 1:colcon.colcon_core.package_identification:_identify(src/byte_leg_control) by extension 'ignore'
[0.349s] Level 1:colcon.colcon_core.package_identification:_identify(src/byte_leg_control) by extension 'ignore_ament_install'
[0.349s] Level 1:colcon.colcon_core.package_identification:_identify(src/byte_leg_control) by extensions ['colcon_pkg']
[0.349s] Level 1:colcon.colcon_core.package_identification:_identify(src/byte_leg_control) by extension 'colcon_pkg'
[0.349s] Level 1:colcon.colcon_core.package_identification:_identify(src/byte_leg_control) by extensions ['colcon_meta']
[0.349s] Level 1:colcon.colcon_core.package_identification:_identify(src/byte_leg_control) by extension 'colcon_meta'
[0.349s] Level 1:colcon.colcon_core.package_identification:_identify(src/byte_leg_control) by extensions ['ros']
[0.349s] Level 1:colcon.colcon_core.package_identification:_identify(src/byte_leg_control) by extension 'ros'
[0.351s] DEBUG:colcon.colcon_core.package_identification:Package 'src/byte_leg_control' with type 'ros.ament_python' and name 'byte_leg_control'
[0.351s] Level 1:colcon.colcon_core.package_identification:_identify(src/byte_leg_description) by extensions ['ignore', 'ignore_ament_install']
[0.351s] Level 1:colcon.colcon_core.package_identification:_identify(src/byte_leg_description) by extension 'ignore'
[0.352s] Level 1:colcon.colcon_core.package_identification:_identify(src/byte_leg_description) by extension 'ignore_ament_install'
[0.352s] Level 1:colcon.colcon_core.package_identification:_identify(src/byte_leg_description) by extensions ['colcon_pkg']
[0.352s] Level 1:colcon.colcon_core.package_identification:_identify(src/byte_leg_description) by extension 'colcon_pkg'
[0.352s] Level 1:colcon.colcon_core.package_identification:_identify(src/byte_leg_description) by extensions ['colcon_meta']
[0.352s] Level 1:colcon.colcon_core.package_identification:_identify(src/byte_leg_description) by extension 'colcon_meta'
[0.352s] Level 1:colcon.colcon_core.package_identification:_identify(src/byte_leg_description) by extensions ['ros']
[0.352s] Level 1:colcon.colcon_core.package_identification:_identify(src/byte_leg_description) by extension 'ros'
[0.354s] DEBUG:colcon.colcon_core.package_identification:Package 'src/byte_leg_description' with type 'ros.ament_cmake' and name 'byte_leg_description'
[0.354s] Level 1:colcon.colcon_core.package_identification:_identify(src/byte_leg_gazebo) by extensions ['ignore', 'ignore_ament_install']
[0.354s] Level 1:colcon.colcon_core.package_identification:_identify(src/byte_leg_gazebo) by extension 'ignore'
[0.354s] Level 1:colcon.colcon_core.package_identification:_identify(src/byte_leg_gazebo) by extension 'ignore_ament_install'
[0.355s] Level 1:colcon.colcon_core.package_identification:_identify(src/byte_leg_gazebo) by extensions ['colcon_pkg']
[0.355s] Level 1:colcon.colcon_core.package_identification:_identify(src/byte_leg_gazebo) by extension 'colcon_pkg'
[0.355s] Level 1:colcon.colcon_core.package_identification:_identify(src/byte_leg_gazebo) by extensions ['colcon_meta']
[0.355s] Level 1:colcon.colcon_core.package_identification:_identify(src/byte_leg_gazebo) by extension 'colcon_meta'
[0.355s] Level 1:colcon.colcon_core.package_identification:_identify(src/byte_leg_gazebo) by extensions ['ros']
[0.356s] Level 1:colcon.colcon_core.package_identification:_identify(src/byte_leg_gazebo) by extension 'ros'
[0.357s] DEBUG:colcon.colcon_core.package_identification:Package 'src/byte_leg_gazebo' with type 'ros.ament_cmake' and name 'byte_leg_gazebo'
[0.357s] Level 1:colcon.colcon_core.package_identification:_identify(src/byte_leg_hardware) by extensions ['ignore', 'ignore_ament_install']
[0.358s] Level 1:colcon.colcon_core.package_identification:_identify(src/byte_leg_hardware) by extension 'ignore'
[0.358s] Level 1:colcon.colcon_core.package_identification:_identify(src/byte_leg_hardware) by extension 'ignore_ament_install'
[0.358s] Level 1:colcon.colcon_core.package_identification:_identify(src/byte_leg_hardware) by extensions ['colcon_pkg']
[0.358s] Level 1:colcon.colcon_core.package_identification:_identify(src/byte_leg_hardware) by extension 'colcon_pkg'
[0.359s] Level 1:colcon.colcon_core.package_identification:_identify(src/byte_leg_hardware) by extensions ['colcon_meta']
[0.359s] Level 1:colcon.colcon_core.package_identification:_identify(src/byte_leg_hardware) by extension 'colcon_meta'
[0.359s] Level 1:colcon.colcon_core.package_identification:_identify(src/byte_leg_hardware) by extensions ['ros']
[0.359s] Level 1:colcon.colcon_core.package_identification:_identify(src/byte_leg_hardware) by extension 'ros'
[0.361s] DEBUG:colcon.colcon_core.package_identification:Package 'src/byte_leg_hardware' with type 'ros.ament_python' and name 'byte_leg_hardware'
[0.361s] Level 1:colcon.colcon_core.package_discovery:discover_packages(recursive) using defaults
[0.361s] Level 1:colcon.colcon_core.package_discovery:discover_packages(ignore) discover
[0.361s] Level 1:colcon.colcon_core.package_discovery:discover_packages(ignore) using defaults
[0.361s] Level 1:colcon.colcon_core.package_discovery:discover_packages(path) discover
[0.361s] Level 1:colcon.colcon_core.package_discovery:discover_packages(path) using defaults
[0.405s] INFO:colcon.colcon_core.package_selection:Skipping not selected package 'byte_leg_control' in 'src/byte_leg_control'
[0.405s] INFO:colcon.colcon_core.package_selection:Skipping not selected package 'byte_leg_description' in 'src/byte_leg_description'
[0.405s] INFO:colcon.colcon_core.package_selection:Skipping not selected package 'byte_leg_gazebo' in 'src/byte_leg_gazebo'
[0.405s] INFO:colcon.colcon_core.package_selection:Skipping not selected package 'byte_leg_bringup' in 'src/byte_leg_bringup'
[0.406s] Level 1:colcon.colcon_core.package_discovery:discover_packages(prefix_path) check parameters
[0.406s] Level 1:colcon.colcon_core.package_discovery:discover_packages(prefix_path) discover
[0.416s] DEBUG:colcon.colcon_installed_package_information.package_discovery:Found 386 installed packages in /opt/ros/jazzy
[0.420s] Level 1:colcon.colcon_core.package_discovery:discover_packages(prefix_path) using defaults
[0.557s] Level 5:colcon.colcon_core.verb:set package 'byte_leg_hardware' build argument 'cmake_args' from command line to 'None'
[0.557s] Level 5:colcon.colcon_core.verb:set package 'byte_leg_hardware' build argument 'cmake_target' from command line to 'None'
[0.558s] Level 5:colcon.colcon_core.verb:set package 'byte_leg_hardware' build argument 'cmake_target_skip_unavailable' from command line to 'False'
[0.558s] Level 5:colcon.colcon_core.verb:set package 'byte_leg_hardware' build argument 'cmake_clean_cache' from command line to 'False'
[0.558s] Level 5:colcon.colcon_core.verb:set package 'byte_leg_hardware' build argument 'cmake_clean_first' from command line to 'False'
[0.558s] Level 5:colcon.colcon_core.verb:set package 'byte_leg_hardware' build argument 'cmake_force_configure' from command line to 'False'
[0.558s] Level 5:colcon.colcon_core.verb:set package 'byte_leg_hardware' build argument 'ament_cmake_args' from command line to 'None'
[0.558s] Level 5:colcon.colcon_core.verb:set package 'byte_leg_hardware' build argument 'catkin_cmake_args' from command line to 'None'
[0.558s] Level 5:colcon.colcon_core.verb:set package 'byte_leg_hardware' build argument 'catkin_skip_building_tests' from command line to 'False'
[0.559s] DEBUG:colcon.colcon_core.verb:Building package 'byte_leg_hardware' with the following arguments: {'ament_cmake_args': None, 'build_base': '/home/loic-finette/Documents/byte_ws/ros2_ws/build/byte_leg_hardware', 'catkin_cmake_args': None, 'catkin_skip_building_tests': False, 'cmake_args': None, 'cmake_clean_cache': False, 'cmake_clean_first': False, 'cmake_force_configure': False, 'cmake_target': None, 'cmake_target_skip_unavailable': False, 'install_base': '/home/loic-finette/Documents/byte_ws/ros2_ws/install/byte_leg_hardware', 'merge_install': False, 'path': '/home/loic-finette/Documents/byte_ws/ros2_ws/src/byte_leg_hardware', 'symlink_install': True, 'test_result_base': None}
[0.559s] INFO:colcon.colcon_core.executor:Executing jobs using 'parallel' executor
[0.561s] DEBUG:colcon.colcon_parallel_executor.executor.parallel:run_until_complete
[0.561s] INFO:colcon.colcon_ros.task.ament_python.build:Building ROS package in '/home/loic-finette/Documents/byte_ws/ros2_ws/src/byte_leg_hardware' with build type 'ament_python'
[0.562s] Level 1:colcon.colcon_core.shell:create_environment_hook('byte_leg_hardware', 'ament_prefix_path')
[0.567s] INFO:colcon.colcon_core.plugin_system:Skipping extension 'colcon_core.shell.bat': Not used on non-Windows systems
[0.568s] INFO:colcon.colcon_core.shell:Creating environment hook '/home/loic-finette/Documents/byte_ws/ros2_ws/install/byte_leg_hardware/share/byte_leg_hardware/hook/ament_prefix_path.ps1'
[0.569s] INFO:colcon.colcon_core.shell:Creating environment descriptor '/home/loic-finette/Documents/byte_ws/ros2_ws/install/byte_leg_hardware/share/byte_leg_hardware/hook/ament_prefix_path.dsv'
[0.571s] INFO:colcon.colcon_core.shell:Creating environment hook '/home/loic-finette/Documents/byte_ws/ros2_ws/install/byte_leg_hardware/share/byte_leg_hardware/hook/ament_prefix_path.sh'
[0.573s] INFO:colcon.colcon_core.shell:Skip shell extension 'powershell' for command environment: Not usable outside of PowerShell
[0.573s] DEBUG:colcon.colcon_core.shell:Skip shell extension 'dsv' for command environment
[1.170s] INFO:colcon.colcon_core.task.python.build:Building Python package in '/home/loic-finette/Documents/byte_ws/ros2_ws/src/byte_leg_hardware'
[1.170s] INFO:colcon.colcon_core.shell:Skip shell extension 'powershell' for command environment: Not usable outside of PowerShell
[1.170s] DEBUG:colcon.colcon_core.shell:Skip shell extension 'dsv' for command environment
[3.033s] DEBUG:colcon.colcon_core.event_handler.log_command:Invoking command in '/home/loic-finette/Documents/byte_ws/ros2_ws/build/byte_leg_hardware': DEBUGINFOD_URLS=https://debuginfod.ubuntu.com PYTHONPATH=/home/loic-finette/Documents/byte_ws/ros2_ws/build/byte_leg_hardware/prefix_override:/usr/lib/python3/dist-packages/colcon_core/task/python/colcon_distutils_commands:/home/loic-finette/Documents/byte_ws/ros2_ws/install/byte_leg_hardware/lib/python3.12/site-packages:${PYTHONPATH} /usr/bin/python3 -W ignore:setup.py install is deprecated -W ignore:easy_install command is deprecated setup.py develop --editable --build-directory /home/loic-finette/Documents/byte_ws/ros2_ws/build/byte_leg_hardware/build --no-deps symlink_data
[5.260s] Level 1:colcon.colcon_core.shell:create_environment_hook('byte_leg_hardware', 'pythonpath_develop')
[5.261s] INFO:colcon.colcon_core.shell:Creating environment hook '/home/loic-finette/Documents/byte_ws/ros2_ws/build/byte_leg_hardware/share/byte_leg_hardware/hook/pythonpath_develop.ps1'
[5.263s] DEBUG:colcon.colcon_core.event_handler.log_command:Invoked command in '/home/loic-finette/Documents/byte_ws/ros2_ws/build/byte_leg_hardware' returned '0': DEBUGINFOD_URLS=https://debuginfod.ubuntu.com PYTHONPATH=/home/loic-finette/Documents/byte_ws/ros2_ws/build/byte_leg_hardware/prefix_override:/usr/lib/python3/dist-packages/colcon_core/task/python/colcon_distutils_commands:/home/loic-finette/Documents/byte_ws/ros2_ws/install/byte_leg_hardware/lib/python3.12/site-packages:${PYTHONPATH} /usr/bin/python3 -W ignore:setup.py install is deprecated -W ignore:easy_install command is deprecated setup.py develop --editable --build-directory /home/loic-finette/Documents/byte_ws/ros2_ws/build/byte_leg_hardware/build --no-deps symlink_data
[5.266s] INFO:colcon.colcon_core.shell:Creating environment descriptor '/home/loic-finette/Documents/byte_ws/ros2_ws/build/byte_leg_hardware/share/byte_leg_hardware/hook/pythonpath_develop.dsv'
[5.268s] INFO:colcon.colcon_core.shell:Creating environment hook '/home/loic-finette/Documents/byte_ws/ros2_ws/build/byte_leg_hardware/share/byte_leg_hardware/hook/pythonpath_develop.sh'
[5.278s] Level 1:colcon.colcon_core.environment:checking '/home/loic-finette/Documents/byte_ws/ros2_ws/install/byte_leg_hardware' for CMake module files
[5.281s] Level 1:colcon.colcon_core.environment:checking '/home/loic-finette/Documents/byte_ws/ros2_ws/install/byte_leg_hardware' for CMake config files
[5.283s] Level 1:colcon.colcon_core.environment:checking '/home/loic-finette/Documents/byte_ws/ros2_ws/install/byte_leg_hardware/lib'
[5.283s] Level 1:colcon.colcon_core.environment:checking '/home/loic-finette/Documents/byte_ws/ros2_ws/install/byte_leg_hardware/bin'
[5.284s] Level 1:colcon.colcon_core.environment:checking '/home/loic-finette/Documents/byte_ws/ros2_ws/install/byte_leg_hardware/lib/pkgconfig/byte_leg_hardware.pc'
[5.284s] Level 1:colcon.colcon_core.environment:checking '/home/loic-finette/Documents/byte_ws/ros2_ws/install/byte_leg_hardware/lib/python3.12/site-packages'
[5.285s] Level 1:colcon.colcon_core.shell:create_environment_hook('byte_leg_hardware', 'pythonpath')
[5.285s] INFO:colcon.colcon_core.shell:Creating environment hook '/home/loic-finette/Documents/byte_ws/ros2_ws/install/byte_leg_hardware/share/byte_leg_hardware/hook/pythonpath.ps1'
[5.287s] INFO:colcon.colcon_core.shell:Creating environment descriptor '/home/loic-finette/Documents/byte_ws/ros2_ws/install/byte_leg_hardware/share/byte_leg_hardware/hook/pythonpath.dsv'
[5.288s] INFO:colcon.colcon_core.shell:Creating environment hook '/home/loic-finette/Documents/byte_ws/ros2_ws/install/byte_leg_hardware/share/byte_leg_hardware/hook/pythonpath.sh'
[5.290s] Level 1:colcon.colcon_core.environment:checking '/home/loic-finette/Documents/byte_ws/ros2_ws/install/byte_leg_hardware/bin'
[5.291s] Level 1:colcon.colcon_core.environment:create_environment_scripts_only(byte_leg_hardware)
[5.291s] INFO:colcon.colcon_core.shell:Creating package script '/home/loic-finette/Documents/byte_ws/ros2_ws/install/byte_leg_hardware/share/byte_leg_hardware/package.ps1'
[5.295s] INFO:colcon.colcon_core.shell:Creating package descriptor '/home/loic-finette/Documents/byte_ws/ros2_ws/install/byte_leg_hardware/share/byte_leg_hardware/package.dsv'
[5.296s] INFO:colcon.colcon_core.shell:Creating package script '/home/loic-finette/Documents/byte_ws/ros2_ws/install/byte_leg_hardware/share/byte_leg_hardware/package.sh'
[5.299s] INFO:colcon.colcon_core.shell:Creating package script '/home/loic-finette/Documents/byte_ws/ros2_ws/install/byte_leg_hardware/share/byte_leg_hardware/package.bash'
[5.301s] INFO:colcon.colcon_core.shell:Creating package script '/home/loic-finette/Documents/byte_ws/ros2_ws/install/byte_leg_hardware/share/byte_leg_hardware/package.zsh'
[5.303s] Level 1:colcon.colcon_core.environment:create_file_with_runtime_dependencies(/home/loic-finette/Documents/byte_ws/ros2_ws/install/byte_leg_hardware/share/colcon-core/packages/byte_leg_hardware)
[5.303s] DEBUG:colcon.colcon_parallel_executor.executor.parallel:closing loop
[5.305s] DEBUG:colcon.colcon_parallel_executor.executor.parallel:loop closed
[5.306s] DEBUG:colcon.colcon_parallel_executor.executor.parallel:run_until_complete finished with '0'
[5.306s] DEBUG:colcon.colcon_core.event_reactor:joining thread
[5.321s] INFO:colcon.colcon_core.plugin_system:Skipping extension 'colcon_notification.desktop_notification.terminal_notifier': Not used on non-Darwin systems
[5.321s] INFO:colcon.colcon_core.plugin_system:Skipping extension 'colcon_notification.desktop_notification.win32': Not used on non-Windows systems
[5.323s] INFO:colcon.colcon_notification.desktop_notification:Sending desktop notification using 'notify2'
[5.358s] DEBUG:colcon.colcon_core.event_reactor:joined thread
[5.358s] INFO:colcon.colcon_core.shell:Creating prefix script '/home/loic-finette/Documents/byte_ws/ros2_ws/install/local_setup.ps1'
[5.361s] INFO:colcon.colcon_core.shell:Creating prefix util module '/home/loic-finette/Documents/byte_ws/ros2_ws/install/_local_setup_util_ps1.py'
[5.364s] INFO:colcon.colcon_core.shell:Creating prefix chain script '/home/loic-finette/Documents/byte_ws/ros2_ws/install/setup.ps1'
[5.366s] INFO:colcon.colcon_core.shell:Creating prefix script '/home/loic-finette/Documents/byte_ws/ros2_ws/install/local_setup.sh'
[5.368s] INFO:colcon.colcon_core.shell:Creating prefix util module '/home/loic-finette/Documents/byte_ws/ros2_ws/install/_local_setup_util_sh.py'
[5.369s] INFO:colcon.colcon_core.shell:Creating prefix chain script '/home/loic-finette/Documents/byte_ws/ros2_ws/install/setup.sh'
[5.371s] INFO:colcon.colcon_core.shell:Creating prefix script '/home/loic-finette/Documents/byte_ws/ros2_ws/install/local_setup.bash'
[5.373s] INFO:colcon.colcon_core.shell:Creating prefix chain script '/home/loic-finette/Documents/byte_ws/ros2_ws/install/setup.bash'
[5.376s] INFO:colcon.colcon_core.shell:Creating prefix script '/home/loic-finette/Documents/byte_ws/ros2_ws/install/local_setup.zsh'
[5.377s] INFO:colcon.colcon_core.shell:Creating prefix chain script '/home/loic-finette/Documents/byte_ws/ros2_ws/install/setup.zsh'
