running develop
Removing /home/loic-finette/Documents/byte_ws/ros2_ws/install/byte_leg_bringup/lib/python3.12/site-packages/byte-leg-bringup.egg-link (link to .)
running egg_info
writing ../../build/byte_leg_bringup/byte_leg_bringup.egg-info/PKG-INFO
writing dependency_links to ../../build/byte_leg_bringup/byte_leg_bringup.egg-info/dependency_links.txt
writing requirements to ../../build/byte_leg_bringup/byte_leg_bringup.egg-info/requires.txt
writing top-level names to ../../build/byte_leg_bringup/byte_leg_bringup.egg-info/top_level.txt
reading manifest file '../../build/byte_leg_bringup/byte_leg_bringup.egg-info/SOURCES.txt'
writing manifest file '../../build/byte_leg_bringup/byte_leg_bringup.egg-info/SOURCES.txt'
running build
running build_py
creating /home/loic-finette/Documents/byte_ws/ros2_ws/build/byte_leg_bringup/build
creating /home/loic-finette/Documents/byte_ws/ros2_ws/build/byte_leg_bringup/build/lib
creating /home/loic-finette/Documents/byte_ws/ros2_ws/build/byte_leg_bringup/build/lib/byte_leg_bringup
copying byte_leg_bringup/__init__.py -> /home/loic-finette/Documents/byte_ws/ros2_ws/build/byte_leg_bringup/build/lib/byte_leg_bringup
running install
running install_lib
creating /home/loic-finette/Documents/byte_ws/ros2_ws/install/byte_leg_bringup/lib/python3.12/site-packages/byte_leg_bringup
copying /home/loic-finette/Documents/byte_ws/ros2_ws/build/byte_leg_bringup/build/lib/byte_leg_bringup/__init__.py -> /home/loic-finette/Documents/byte_ws/ros2_ws/install/byte_leg_bringup/lib/python3.12/site-packages/byte_leg_bringup
byte-compiling /home/loic-finette/Documents/byte_ws/ros2_ws/install/byte_leg_bringup/lib/python3.12/site-packages/byte_leg_bringup/__init__.py to __init__.cpython-312.pyc
running install_data
copying resource/byte_leg_bringup -> /home/loic-finette/Documents/byte_ws/ros2_ws/install/byte_leg_bringup/share/ament_index/resource_index/packages
copying package.xml -> /home/loic-finette/Documents/byte_ws/ros2_ws/install/byte_leg_bringup/share/byte_leg_bringup
copying launch/real.launch.py -> /home/loic-finette/Documents/byte_ws/ros2_ws/install/byte_leg_bringup/share/byte_leg_bringup/launch
copying launch/sim.launch.py -> /home/loic-finette/Documents/byte_ws/ros2_ws/install/byte_leg_bringup/share/byte_leg_bringup/launch
running install_egg_info
Copying ../../build/byte_leg_bringup/byte_leg_bringup.egg-info to /home/loic-finette/Documents/byte_ws/ros2_ws/install/byte_leg_bringup/lib/python3.12/site-packages/byte_leg_bringup-0.1.0-py3.12.egg-info
running install_scripts
writing list of installed files to '/home/loic-finette/Documents/byte_ws/ros2_ws/build/byte_leg_bringup/install.log'
