[1.616s] Invoking command in '/home/loic-finette/Documents/byte_ws/ros2_ws/build/byte_leg_bringup': AMENT_PREFIX_PATH=/home/loic-finette/Documents/byte_ws/ros2_ws/install/byte_leg_hardware:/home/loic-finette/Documents/byte_ws/ros2_ws/install/byte_leg_control:/home/loic-finette/Documents/byte_ws/ros2_ws/install/byte_leg_bringup:/home/loic-finette/Documents/byte_ws/ros2_ws/install/byte_leg_gazebo:/home/loic-finette/Documents/byte_ws/ros2_ws/install/byte_leg_description:/opt/ros/jazzy DEBUGINFOD_URLS=https://debuginfod.ubuntu.com PYTHONPATH=/home/loic-finette/Documents/byte_ws/ros2_ws/build/byte_leg_bringup/prefix_override:/usr/lib/python3/dist-packages/colcon_core/task/python/colcon_distutils_commands:/home/loic-finette/Documents/byte_ws/ros2_ws/install/byte_leg_bringup/lib/python3.12/site-packages:/home/loic-finette/Documents/byte_ws/ros2_ws/install/byte_leg_hardware/lib/python3.12/site-packages:/home/loic-finette/Documents/byte_ws/ros2_ws/install/byte_leg_control/lib/python3.12/site-packages:/home/loic-finette/Documents/byte_ws/ros2_ws/build/byte_leg_bringup:/home/loic-finette/Documents/byte_ws/ros2_ws/install/byte_leg_bringup/lib/python3.12/site-packages:/home/loic-finette/Documents/byte_ws/ros2_ws/build/byte_leg_hardware:/home/loic-finette/Documents/byte_ws/ros2_ws/build/byte_leg_control:/opt/ros/jazzy/lib/python3.12/site-packages /usr/bin/python3 -W ignore:setup.py install is deprecated -W ignore:easy_install command is deprecated setup.py develop --uninstall --editable --build-directory /home/loic-finette/Documents/byte_ws/ros2_ws/build/byte_leg_bringup/build
[2.224s] running develop
[2.641s] Removing /home/loic-finette/Documents/byte_ws/ros2_ws/install/byte_leg_bringup/lib/python3.12/site-packages/byte-leg-bringup.egg-link (link to .)
[2.721s] Invoked command in '/home/loic-finette/Documents/byte_ws/ros2_ws/build/byte_leg_bringup' returned '0': AMENT_PREFIX_PATH=/home/loic-finette/Documents/byte_ws/ros2_ws/install/byte_leg_hardware:/home/loic-finette/Documents/byte_ws/ros2_ws/install/byte_leg_control:/home/loic-finette/Documents/byte_ws/ros2_ws/install/byte_leg_bringup:/home/loic-finette/Documents/byte_ws/ros2_ws/install/byte_leg_gazebo:/home/loic-finette/Documents/byte_ws/ros2_ws/install/byte_leg_description:/opt/ros/jazzy DEBUGINFOD_URLS=https://debuginfod.ubuntu.com PYTHONPATH=/home/loic-finette/Documents/byte_ws/ros2_ws/build/byte_leg_bringup/prefix_override:/usr/lib/python3/dist-packages/colcon_core/task/python/colcon_distutils_commands:/home/loic-finette/Documents/byte_ws/ros2_ws/install/byte_leg_bringup/lib/python3.12/site-packages:/home/loic-finette/Documents/byte_ws/ros2_ws/install/byte_leg_hardware/lib/python3.12/site-packages:/home/loic-finette/Documents/byte_ws/ros2_ws/install/byte_leg_control/lib/python3.12/site-packages:/home/loic-finette/Documents/byte_ws/ros2_ws/build/byte_leg_bringup:/home/loic-finette/Documents/byte_ws/ros2_ws/install/byte_leg_bringup/lib/python3.12/site-packages:/home/loic-finette/Documents/byte_ws/ros2_ws/build/byte_leg_hardware:/home/loic-finette/Documents/byte_ws/ros2_ws/build/byte_leg_control:/opt/ros/jazzy/lib/python3.12/site-packages /usr/bin/python3 -W ignore:setup.py install is deprecated -W ignore:easy_install command is deprecated setup.py develop --uninstall --editable --build-directory /home/loic-finette/Documents/byte_ws/ros2_ws/build/byte_leg_bringup/build
[2.724s] Invoking command in '/home/loic-finette/Documents/byte_ws/ros2_ws/src/byte_leg_bringup': AMENT_PREFIX_PATH=/home/loic-finette/Documents/byte_ws/ros2_ws/install/byte_leg_hardware:/home/loic-finette/Documents/byte_ws/ros2_ws/install/byte_leg_control:/home/loic-finette/Documents/byte_ws/ros2_ws/install/byte_leg_bringup:/home/loic-finette/Documents/byte_ws/ros2_ws/install/byte_leg_gazebo:/home/loic-finette/Documents/byte_ws/ros2_ws/install/byte_leg_description:/opt/ros/jazzy DEBUGINFOD_URLS=https://debuginfod.ubuntu.com PYTHONPATH=/home/loic-finette/Documents/byte_ws/ros2_ws/build/byte_leg_bringup/prefix_override:/usr/lib/python3/dist-packages/colcon_core/task/python/colcon_distutils_commands:/home/loic-finette/Documents/byte_ws/ros2_ws/install/byte_leg_bringup/lib/python3.12/site-packages:/home/loic-finette/Documents/byte_ws/ros2_ws/install/byte_leg_hardware/lib/python3.12/site-packages:/home/loic-finette/Documents/byte_ws/ros2_ws/install/byte_leg_control/lib/python3.12/site-packages:/home/loic-finette/Documents/byte_ws/ros2_ws/build/byte_leg_bringup:/home/loic-finette/Documents/byte_ws/ros2_ws/install/byte_leg_bringup/lib/python3.12/site-packages:/home/loic-finette/Documents/byte_ws/ros2_ws/build/byte_leg_hardware:/home/loic-finette/Documents/byte_ws/ros2_ws/build/byte_leg_control:/opt/ros/jazzy/lib/python3.12/site-packages /usr/bin/python3 -W ignore:setup.py install is deprecated -W ignore:easy_install command is deprecated setup.py egg_info --egg-base ../../build/byte_leg_bringup build --build-base /home/loic-finette/Documents/byte_ws/ros2_ws/build/byte_leg_bringup/build install --record /home/loic-finette/Documents/byte_ws/ros2_ws/build/byte_leg_bringup/install.log --single-version-externally-managed install_data --force
[3.267s] running egg_info
[3.308s] writing ../../build/byte_leg_bringup/byte_leg_bringup.egg-info/PKG-INFO
[3.309s] writing dependency_links to ../../build/byte_leg_bringup/byte_leg_bringup.egg-info/dependency_links.txt
[3.309s] writing requirements to ../../build/byte_leg_bringup/byte_leg_bringup.egg-info/requires.txt
[3.309s] writing top-level names to ../../build/byte_leg_bringup/byte_leg_bringup.egg-info/top_level.txt
[3.391s] reading manifest file '../../build/byte_leg_bringup/byte_leg_bringup.egg-info/SOURCES.txt'
[3.392s] writing manifest file '../../build/byte_leg_bringup/byte_leg_bringup.egg-info/SOURCES.txt'
[3.393s] running build
[3.393s] running build_py
[3.393s] creating /home/loic-finette/Documents/byte_ws/ros2_ws/build/byte_leg_bringup/build
[3.393s] creating /home/loic-finette/Documents/byte_ws/ros2_ws/build/byte_leg_bringup/build/lib
[3.394s] creating /home/loic-finette/Documents/byte_ws/ros2_ws/build/byte_leg_bringup/build/lib/byte_leg_bringup
[3.394s] copying byte_leg_bringup/__init__.py -> /home/loic-finette/Documents/byte_ws/ros2_ws/build/byte_leg_bringup/build/lib/byte_leg_bringup
[3.394s] running install
[3.410s] running install_lib
[3.450s] creating /home/loic-finette/Documents/byte_ws/ros2_ws/install/byte_leg_bringup/lib/python3.12/site-packages/byte_leg_bringup
[3.451s] copying /home/loic-finette/Documents/byte_ws/ros2_ws/build/byte_leg_bringup/build/lib/byte_leg_bringup/__init__.py -> /home/loic-finette/Documents/byte_ws/ros2_ws/install/byte_leg_bringup/lib/python3.12/site-packages/byte_leg_bringup
[3.452s] byte-compiling /home/loic-finette/Documents/byte_ws/ros2_ws/install/byte_leg_bringup/lib/python3.12/site-packages/byte_leg_bringup/__init__.py to __init__.cpython-312.pyc
[3.452s] running install_data
[3.453s] copying resource/byte_leg_bringup -> /home/loic-finette/Documents/byte_ws/ros2_ws/install/byte_leg_bringup/share/ament_index/resource_index/packages
[3.453s] copying package.xml -> /home/loic-finette/Documents/byte_ws/ros2_ws/install/byte_leg_bringup/share/byte_leg_bringup
[3.453s] copying launch/real.launch.py -> /home/loic-finette/Documents/byte_ws/ros2_ws/install/byte_leg_bringup/share/byte_leg_bringup/launch
[3.454s] copying launch/sim.launch.py -> /home/loic-finette/Documents/byte_ws/ros2_ws/install/byte_leg_bringup/share/byte_leg_bringup/launch
[3.454s] running install_egg_info
[3.497s] Copying ../../build/byte_leg_bringup/byte_leg_bringup.egg-info to /home/loic-finette/Documents/byte_ws/ros2_ws/install/byte_leg_bringup/lib/python3.12/site-packages/byte_leg_bringup-0.1.0-py3.12.egg-info
[3.499s] running install_scripts
[3.773s] writing list of installed files to '/home/loic-finette/Documents/byte_ws/ros2_ws/build/byte_leg_bringup/install.log'
[3.822s] Invoked command in '/home/loic-finette/Documents/byte_ws/ros2_ws/src/byte_leg_bringup' returned '0': AMENT_PREFIX_PATH=/home/loic-finette/Documents/byte_ws/ros2_ws/install/byte_leg_hardware:/home/loic-finette/Documents/byte_ws/ros2_ws/install/byte_leg_control:/home/loic-finette/Documents/byte_ws/ros2_ws/install/byte_leg_bringup:/home/loic-finette/Documents/byte_ws/ros2_ws/install/byte_leg_gazebo:/home/loic-finette/Documents/byte_ws/ros2_ws/install/byte_leg_description:/opt/ros/jazzy DEBUGINFOD_URLS=https://debuginfod.ubuntu.com PYTHONPATH=/home/loic-finette/Documents/byte_ws/ros2_ws/build/byte_leg_bringup/prefix_override:/usr/lib/python3/dist-packages/colcon_core/task/python/colcon_distutils_commands:/home/loic-finette/Documents/byte_ws/ros2_ws/install/byte_leg_bringup/lib/python3.12/site-packages:/home/loic-finette/Documents/byte_ws/ros2_ws/install/byte_leg_hardware/lib/python3.12/site-packages:/home/loic-finette/Documents/byte_ws/ros2_ws/install/byte_leg_control/lib/python3.12/site-packages:/home/loic-finette/Documents/byte_ws/ros2_ws/build/byte_leg_bringup:/home/loic-finette/Documents/byte_ws/ros2_ws/install/byte_leg_bringup/lib/python3.12/site-packages:/home/loic-finette/Documents/byte_ws/ros2_ws/build/byte_leg_hardware:/home/loic-finette/Documents/byte_ws/ros2_ws/build/byte_leg_control:/opt/ros/jazzy/lib/python3.12/site-packages /usr/bin/python3 -W ignore:setup.py install is deprecated -W ignore:easy_install command is deprecated setup.py egg_info --egg-base ../../build/byte_leg_bringup build --build-base /home/loic-finette/Documents/byte_ws/ros2_ws/build/byte_leg_bringup/build install --record /home/loic-finette/Documents/byte_ws/ros2_ws/build/byte_leg_bringup/install.log --single-version-externally-managed install_data --force
