-- The C compiler identification is GNU 13.3.0
-- The CXX compiler identification is GNU 13.3.0
-- Detecting C compiler ABI info
-- Detecting C compiler ABI info - done
-- Check for working C compiler: /usr/bin/cc - skipped
-- Detecting C compile features
-- Detecting C compile features - done
-- Detecting CXX compiler ABI info
-- Detecting CXX compiler ABI info - done
-- Check for working CXX compiler: /usr/bin/c++ - skipped
-- Detecting CXX compile features
-- Detecting CXX compile features - done
-- Found ament_cmake: 2.5.4 (/opt/ros/jazzy/share/ament_cmake/cmake)
-- Found Python3: /usr/bin/python3 (found version "3.12.3") found components: Interpreter 
-- Override CMake install command with custom implementation using symlinks instead of copying resources
-- Configuring done (4.1s)
-- Generating done (0.0s)
-- Build files have been written to: /home/loic-finette/Documents/byte_ws/ros2_ws/build/byte_leg_description
-- Install configuration: ""
-- Execute custom install script
-- Symlinking: /home/loic-finette/Documents/byte_ws/ros2_ws/install/byte_leg_description/share/byte_leg_description/urdf/leg.urdf.xacro
-- Symlinking: /home/loic-finette/Documents/byte_ws/ros2_ws/install/byte_leg_description/share/ament_index/resource_index/package_run_dependencies/byte_leg_description
-- Symlinking: /home/loic-finette/Documents/byte_ws/ros2_ws/install/byte_leg_description/share/ament_index/resource_index/parent_prefix_path/byte_leg_description
-- Symlinking: /home/loic-finette/Documents/byte_ws/ros2_ws/install/byte_leg_description/share/byte_leg_description/environment/ament_prefix_path.sh
-- Symlinking: /home/loic-finette/Documents/byte_ws/ros2_ws/install/byte_leg_description/share/byte_leg_description/environment/ament_prefix_path.dsv
-- Symlinking: /home/loic-finette/Documents/byte_ws/ros2_ws/install/byte_leg_description/share/byte_leg_description/environment/path.sh
-- Symlinking: /home/loic-finette/Documents/byte_ws/ros2_ws/install/byte_leg_description/share/byte_leg_description/environment/path.dsv
-- Symlinking: /home/loic-finette/Documents/byte_ws/ros2_ws/install/byte_leg_description/share/byte_leg_description/local_setup.bash
-- Symlinking: /home/loic-finette/Documents/byte_ws/ros2_ws/install/byte_leg_description/share/byte_leg_description/local_setup.sh
-- Symlinking: /home/loic-finette/Documents/byte_ws/ros2_ws/install/byte_leg_description/share/byte_leg_description/local_setup.zsh
-- Symlinking: /home/loic-finette/Documents/byte_ws/ros2_ws/install/byte_leg_description/share/byte_leg_description/local_setup.dsv
-- Symlinking: /home/loic-finette/Documents/byte_ws/ros2_ws/install/byte_leg_description/share/byte_leg_description/package.dsv
-- Symlinking: /home/loic-finette/Documents/byte_ws/ros2_ws/install/byte_leg_description/share/ament_index/resource_index/packages/byte_leg_description
-- Symlinking: /home/loic-finette/Documents/byte_ws/ros2_ws/install/byte_leg_description/share/byte_leg_description/cmake/byte_leg_descriptionConfig.cmake
-- Symlinking: /home/loic-finette/Documents/byte_ws/ros2_ws/install/byte_leg_description/share/byte_leg_description/cmake/byte_leg_descriptionConfig-version.cmake
-- Symlinking: /home/loic-finette/Documents/byte_ws/ros2_ws/install/byte_leg_description/share/byte_leg_description/package.xml
