[0.289s] Invoking command in '/home/loic-finette/Documents/byte_ws/ros2_ws/build/byte_leg_gazebo': CMAKE_PREFIX_PATH=${CMAKE_PREFIX_PATH}:/home/loic-finette/Documents/byte_ws/ros2_ws/install/byte_leg_bringup:/home/loic-finette/Documents/byte_ws/ros2_ws/install/byte_leg_hardware:/home/loic-finette/Documents/byte_ws/ros2_ws/install/byte_leg_control:/opt/ros/jazzy DEBUGINFOD_URLS=https://debuginfod.ubuntu.com /usr/bin/cmake --build /home/loic-finette/Documents/byte_ws/ros2_ws/build/byte_leg_gazebo -- -j8 -l8
[0.627s] Invoked command in '/home/loic-finette/Documents/byte_ws/ros2_ws/build/byte_leg_gazebo' returned '0': CMAKE_PREFIX_PATH=${CMAKE_PREFIX_PATH}:/home/loic-finette/Documents/byte_ws/ros2_ws/install/byte_leg_bringup:/home/loic-finette/Documents/byte_ws/ros2_ws/install/byte_leg_hardware:/home/loic-finette/Documents/byte_ws/ros2_ws/install/byte_leg_control:/opt/ros/jazzy DEBUGINFOD_URLS=https://debuginfod.ubuntu.com /usr/bin/cmake --build /home/loic-finette/Documents/byte_ws/ros2_ws/build/byte_leg_gazebo -- -j8 -l8
[0.644s] Invoking command in '/home/loic-finette/Documents/byte_ws/ros2_ws/build/byte_leg_gazebo': CMAKE_PREFIX_PATH=${CMAKE_PREFIX_PATH}:/home/loic-finette/Documents/byte_ws/ros2_ws/install/byte_leg_bringup:/home/loic-finette/Documents/byte_ws/ros2_ws/install/byte_leg_hardware:/home/loic-finette/Documents/byte_ws/ros2_ws/install/byte_leg_control:/opt/ros/jazzy DEBUGINFOD_URLS=https://debuginfod.ubuntu.com /usr/bin/cmake --install /home/loic-finette/Documents/byte_ws/ros2_ws/build/byte_leg_gazebo
[0.674s] -- Install configuration: ""
[0.675s] -- Execute custom install script
[0.676s] -- Up-to-date symlink: /home/loic-finette/Documents/byte_ws/ros2_ws/install/byte_leg_gazebo/share/byte_leg_gazebo/worlds/bench.sdf
[0.676s] -- Up-to-date symlink: /home/loic-finette/Documents/byte_ws/ros2_ws/install/byte_leg_gazebo/share/byte_leg_gazebo/config/bridge.yaml
[0.677s] -- Up-to-date symlink: /home/loic-finette/Documents/byte_ws/ros2_ws/install/byte_leg_gazebo/share/ament_index/resource_index/package_run_dependencies/byte_leg_gazebo
[0.678s] -- Up-to-date symlink: /home/loic-finette/Documents/byte_ws/ros2_ws/install/byte_leg_gazebo/share/ament_index/resource_index/parent_prefix_path/byte_leg_gazebo
[0.679s] -- Up-to-date symlink: /home/loic-finette/Documents/byte_ws/ros2_ws/install/byte_leg_gazebo/share/byte_leg_gazebo/environment/ament_prefix_path.sh
[0.679s] -- Up-to-date symlink: /home/loic-finette/Documents/byte_ws/ros2_ws/install/byte_leg_gazebo/share/byte_leg_gazebo/environment/ament_prefix_path.dsv
[0.679s] -- Up-to-date symlink: /home/loic-finette/Documents/byte_ws/ros2_ws/install/byte_leg_gazebo/share/byte_leg_gazebo/environment/path.sh
[0.680s] -- Up-to-date symlink: /home/loic-finette/Documents/byte_ws/ros2_ws/install/byte_leg_gazebo/share/byte_leg_gazebo/environment/path.dsv
[0.681s] -- Up-to-date symlink: /home/loic-finette/Documents/byte_ws/ros2_ws/install/byte_leg_gazebo/share/byte_leg_gazebo/local_setup.bash
[0.681s] -- Up-to-date symlink: /home/loic-finette/Documents/byte_ws/ros2_ws/install/byte_leg_gazebo/share/byte_leg_gazebo/local_setup.sh
[0.681s] -- Up-to-date symlink: /home/loic-finette/Documents/byte_ws/ros2_ws/install/byte_leg_gazebo/share/byte_leg_gazebo/local_setup.zsh
[0.682s] -- Up-to-date symlink: /home/loic-finette/Documents/byte_ws/ros2_ws/install/byte_leg_gazebo/share/byte_leg_gazebo/local_setup.dsv
[0.682s] -- Symlinking: /home/loic-finette/Documents/byte_ws/ros2_ws/install/byte_leg_gazebo/share/byte_leg_gazebo/package.dsv
[0.692s] -- Up-to-date symlink: /home/loic-finette/Documents/byte_ws/ros2_ws/install/byte_leg_gazebo/share/ament_index/resource_index/packages/byte_leg_gazebo
[0.692s] -- Up-to-date symlink: /home/loic-finette/Documents/byte_ws/ros2_ws/install/byte_leg_gazebo/share/byte_leg_gazebo/cmake/byte_leg_gazeboConfig.cmake
[0.692s] -- Up-to-date symlink: /home/loic-finette/Documents/byte_ws/ros2_ws/install/byte_leg_gazebo/share/byte_leg_gazebo/cmake/byte_leg_gazeboConfig-version.cmake
[0.692s] -- Up-to-date symlink: /home/loic-finette/Documents/byte_ws/ros2_ws/install/byte_leg_gazebo/share/byte_leg_gazebo/package.xml
[0.700s] Invoked command in '/home/loic-finette/Documents/byte_ws/ros2_ws/build/byte_leg_gazebo' returned '0': CMAKE_PREFIX_PATH=${CMAKE_PREFIX_PATH}:/home/loic-finette/Documents/byte_ws/ros2_ws/install/byte_leg_bringup:/home/loic-finette/Documents/byte_ws/ros2_ws/install/byte_leg_hardware:/home/loic-finette/Documents/byte_ws/ros2_ws/install/byte_leg_control:/opt/ros/jazzy DEBUGINFOD_URLS=https://debuginfod.ubuntu.com /usr/bin/cmake --install /home/loic-finette/Documents/byte_ws/ros2_ws/build/byte_leg_gazebo
