-- Found ament_cmake: 2.5.4 (/opt/ros/jazzy/share/ament_cmake/cmake)
-- Override CMake install command with custom implementation using symlinks instead of copying resources
-- Configuring done (0.7s)
-- Generating done (0.0s)
-- Build files have been written to: /home/loic-finette/Documents/byte_ws/ros2_ws/build/byte_leg_gazebo
-- Install configuration: ""
-- Execute custom install script
-- Up-to-date symlink: /home/loic-finette/Documents/byte_ws/ros2_ws/install/byte_leg_gazebo/share/byte_leg_gazebo/worlds/bench.sdf
-- Up-to-date symlink: /home/loic-finette/Documents/byte_ws/ros2_ws/install/byte_leg_gazebo/share/byte_leg_gazebo/config/bridge.yaml
-- Up-to-date symlink: /home/loic-finette/Documents/byte_ws/ros2_ws/install/byte_leg_gazebo/share/ament_index/resource_index/package_run_dependencies/byte_leg_gazebo
-- Up-to-date symlink: /home/loic-finette/Documents/byte_ws/ros2_ws/install/byte_leg_gazebo/share/ament_index/resource_index/parent_prefix_path/byte_leg_gazebo
-- Up-to-date symlink: /home/loic-finette/Documents/byte_ws/ros2_ws/install/byte_leg_gazebo/share/byte_leg_gazebo/environment/ament_prefix_path.sh
-- Up-to-date symlink: /home/loic-finette/Documents/byte_ws/ros2_ws/install/byte_leg_gazebo/share/byte_leg_gazebo/environment/ament_prefix_path.dsv
-- Up-to-date symlink: /home/loic-finette/Documents/byte_ws/ros2_ws/install/byte_leg_gazebo/share/byte_leg_gazebo/environment/path.sh
-- Up-to-date symlink: /home/loic-finette/Documents/byte_ws/ros2_ws/install/byte_leg_gazebo/share/byte_leg_gazebo/environment/path.dsv
-- Up-to-date symlink: /home/loic-finette/Documents/byte_ws/ros2_ws/install/byte_leg_gazebo/share/byte_leg_gazebo/local_setup.bash
-- Up-to-date symlink: /home/loic-finette/Documents/byte_ws/ros2_ws/install/byte_leg_gazebo/share/byte_leg_gazebo/local_setup.sh
-- Up-to-date symlink: /home/loic-finette/Documents/byte_ws/ros2_ws/install/byte_leg_gazebo/share/byte_leg_gazebo/local_setup.zsh
-- Up-to-date symlink: /home/loic-finette/Documents/byte_ws/ros2_ws/install/byte_leg_gazebo/share/byte_leg_gazebo/local_setup.dsv
-- Symlinking: /home/loic-finette/Documents/byte_ws/ros2_ws/install/byte_leg_gazebo/share/byte_leg_gazebo/package.dsv
-- Up-to-date symlink: /home/loic-finette/Documents/byte_ws/ros2_ws/install/byte_leg_gazebo/share/ament_index/resource_index/packages/byte_leg_gazebo
-- Up-to-date symlink: /home/loic-finette/Documents/byte_ws/ros2_ws/install/byte_leg_gazebo/share/byte_leg_gazebo/cmake/byte_leg_gazeboConfig.cmake
-- Up-to-date symlink: /home/loic-finette/Documents/byte_ws/ros2_ws/install/byte_leg_gazebo/share/byte_leg_gazebo/cmake/byte_leg_gazeboConfig-version.cmake
-- Up-to-date symlink: /home/loic-finette/Documents/byte_ws/ros2_ws/install/byte_leg_gazebo/share/byte_leg_gazebo/package.xml
