running egg_info
writing ../../build/byte_leg_control/byte_leg_control.egg-info/PKG-INFO
writing dependency_links to ../../build/byte_leg_control/byte_leg_control.egg-info/dependency_links.txt
writing entry points to ../../build/byte_leg_control/byte_leg_control.egg-info/entry_points.txt
writing requirements to ../../build/byte_leg_control/byte_leg_control.egg-info/requires.txt
writing top-level names to ../../build/byte_leg_control/byte_leg_control.egg-info/top_level.txt
reading manifest file '../../build/byte_leg_control/byte_leg_control.egg-info/SOURCES.txt'
writing manifest file '../../build/byte_leg_control/byte_leg_control.egg-info/SOURCES.txt'
running build
running build_py
running install
running install_lib
running install_data
running install_egg_info
removing '/home/loic-finette/Documents/byte_ws/ros2_ws/install/byte_leg_control/lib/python3.12/site-packages/byte_leg_control-0.1.0-py3.12.egg-info' (and everything under it)
Copying ../../build/byte_leg_control/byte_leg_control.egg-info to /home/loic-finette/Documents/byte_ws/ros2_ws/install/byte_leg_control/lib/python3.12/site-packages/byte_leg_control-0.1.0-py3.12.egg-info
running install_scripts
Installing ik_node script to /home/loic-finette/Documents/byte_ws/ros2_ws/install/byte_leg_control/lib/byte_leg_control
Installing joy_teleop script to /home/loic-finette/Documents/byte_ws/ros2_ws/install/byte_leg_control/lib/byte_leg_control
writing list of installed files to '/home/loic-finette/Documents/byte_ws/ros2_ws/build/byte_leg_control/install.log'
