[1.446s] Invoking command in '/home/loic-finette/Documents/byte_ws/ros2_ws/build/byte_leg_description': CMAKE_PREFIX_PATH=${CMAKE_PREFIX_PATH}:/opt/ros/jazzy DEBUGINFOD_URLS=https://debuginfod.ubuntu.com /usr/bin/cmake --build /home/loic-finette/Documents/byte_ws/ros2_ws/build/byte_leg_description -- -j8 -l8
[2.788s] Invoked command in '/home/loic-finette/Documents/byte_ws/ros2_ws/build/byte_leg_description' returned '0': CMAKE_PREFIX_PATH=${CMAKE_PREFIX_PATH}:/opt/ros/jazzy DEBUGINFOD_URLS=https://debuginfod.ubuntu.com /usr/bin/cmake --build /home/loic-finette/Documents/byte_ws/ros2_ws/build/byte_leg_description -- -j8 -l8
[2.839s] Invoking command in '/home/loic-finette/Documents/byte_ws/ros2_ws/build/byte_leg_description': CMAKE_PREFIX_PATH=${CMAKE_PREFIX_PATH}:/opt/ros/jazzy DEBUGINFOD_URLS=https://debuginfod.ubuntu.com /usr/bin/cmake --install /home/loic-finette/Documents/byte_ws/ros2_ws/build/byte_leg_description
[2.941s] -- Install configuration: ""
[2.945s] -- Execute custom install script
[2.948s] -- Up-to-date symlink: /home/loic-finette/Documents/byte_ws/ros2_ws/install/byte_leg_description/share/byte_leg_description/urdf/leg.urdf.xacro
[2.955s] -- Up-to-date symlink: /home/loic-finette/Documents/byte_ws/ros2_ws/install/byte_leg_description/share/ament_index/resource_index/package_run_dependencies/byte_leg_description
[2.956s] -- Up-to-date symlink: /home/loic-finette/Documents/byte_ws/ros2_ws/install/byte_leg_description/share/ament_index/resource_index/parent_prefix_path/byte_leg_description
[2.957s] -- Up-to-date symlink: /home/loic-finette/Documents/byte_ws/ros2_ws/install/byte_leg_description/share/byte_leg_description/environment/ament_prefix_path.sh
[2.959s] -- Up-to-date symlink: /home/loic-finette/Documents/byte_ws/ros2_ws/install/byte_leg_description/share/byte_leg_description/environment/ament_prefix_path.dsv
[2.964s] -- Up-to-date symlink: /home/loic-finette/Documents/byte_ws/ros2_ws/install/byte_leg_description/share/byte_leg_description/environment/path.sh
[2.964s] -- Up-to-date symlink: /home/loic-finette/Documents/byte_ws/ros2_ws/install/byte_leg_description/share/byte_leg_description/environment/path.dsv
[2.966s] -- Up-to-date symlink: /home/loic-finette/Documents/byte_ws/ros2_ws/install/byte_leg_description/share/byte_leg_description/local_setup.bash
[2.972s] -- Up-to-date symlink: /home/loic-finette/Documents/byte_ws/ros2_ws/install/byte_leg_description/share/byte_leg_description/local_setup.sh
[2.972s] -- Up-to-date symlink: /home/loic-finette/Documents/byte_ws/ros2_ws/install/byte_leg_description/share/byte_leg_description/local_setup.zsh
[2.976s] -- Up-to-date symlink: /home/loic-finette/Documents/byte_ws/ros2_ws/install/byte_leg_description/share/byte_leg_description/local_setup.dsv
[2.984s] -- Symlinking: /home/loic-finette/Documents/byte_ws/ros2_ws/install/byte_leg_description/share/byte_leg_description/package.dsv
[3.124s] -- Up-to-date symlink: /home/loic-finette/Documents/byte_ws/ros2_ws/install/byte_leg_description/share/ament_index/resource_index/packages/byte_leg_description
[3.124s] -- Up-to-date symlink: /home/loic-finette/Documents/byte_ws/ros2_ws/install/byte_leg_description/share/byte_leg_description/cmake/byte_leg_descriptionConfig.cmake
[3.124s] -- Up-to-date symlink: /home/loic-finette/Documents/byte_ws/ros2_ws/install/byte_leg_description/share/byte_leg_description/cmake/byte_leg_descriptionConfig-version.cmake
[3.125s] -- Up-to-date symlink: /home/loic-finette/Documents/byte_ws/ros2_ws/install/byte_leg_description/share/byte_leg_description/package.xml
[3.125s] Invoked command in '/home/loic-finette/Documents/byte_ws/ros2_ws/build/byte_leg_description' returned '0': CMAKE_PREFIX_PATH=${CMAKE_PREFIX_PATH}:/opt/ros/jazzy DEBUGINFOD_URLS=https://debuginfod.ubuntu.com /usr/bin/cmake --install /home/loic-finette/Documents/byte_ws/ros2_ws/build/byte_leg_description
