[0.627s] DEBUG:colcon:Command line arguments: ['/usr/bin/colcon', 'build', '--symlink-install', '--packages-select', 'byte_leg_description']
[0.627s] DEBUG:colcon:Parsed command line arguments: Namespace(log_base=None, log_level=None, verb_name='build', build_base='build', install_base='install', merge_install=False, symlink_install=True, test_result_base=None, continue_on_error=False, executor='parallel', parallel_workers=8, event_handlers=None, ignore_user_meta=False, metas=['./colcon.meta'], base_paths=['.'], packages_ignore=None, packages_ignore_regex=None, paths=None, packages_up_to=None, packages_up_to_regex=None, packages_above=None, packages_above_and_dependencies=None, packages_above_depth=None, packages_select_by_dep=None, packages_skip_by_dep=None, packages_skip_up_to=None, packages_select_build_failed=False, packages_skip_build_finished=False, packages_select_test_failures=False, packages_skip_test_passed=False, packages_select=['byte_leg_description'], packages_skip=None, packages_select_regex=None, packages_skip_regex=None, packages_start=None, packages_end=None, allow_overriding=[], cmake_args=None, cmake_target=None, cmake_target_skip_unavailable=False, cmake_clean_cache=False, cmake_clean_first=False, cmake_force_configure=False, ament_cmake_args=None, catkin_cmake_args=None, catkin_skip_building_tests=False, mixin_files=None, mixin=None, verb_parser=<colcon_mixin.mixin.mixin_argument.MixinArgumentDecorator object at 0x70327588ef30>, verb_extension=<colcon_core.verb.build.BuildVerb object at 0x7032759b7050>, main=<bound method BuildVerb.main of <colcon_core.verb.build.BuildVerb object at 0x7032759b7050>>, mixin_verb=('build',))
[0.837s] Level 1:colcon.colcon_core.package_discovery:discover_packages(colcon_meta) check parameters
[0.838s] Level 1:colcon.colcon_core.package_discovery:discover_packages(recursive) check parameters
[0.838s] Level 1:colcon.colcon_core.package_discovery:discover_packages(ignore) check parameters
[0.838s] Level 1:colcon.colcon_core.package_discovery:discover_packages(path) check parameters
[0.838s] Level 1:colcon.colcon_core.package_discovery:discover_packages(colcon_meta) discover
[0.838s] Level 1:colcon.colcon_core.package_discovery:discover_packages(recursive) discover
[0.839s] INFO:colcon.colcon_core.package_discovery:Crawling recursively for packages in '/home/loic-finette/Documents/byte_ws/ros2_ws'
[0.839s] Level 1:colcon.colcon_core.package_identification:_identify(.) by extensions ['ignore', 'ignore_ament_install']
[0.839s] Level 1:colcon.colcon_core.package_identification:_identify(.) by extension 'ignore'
[0.840s] Level 1:colcon.colcon_core.package_identification:_identify(.) by extension 'ignore_ament_install'
[0.840s] Level 1:colcon.colcon_core.package_identification:_identify(.) by extensions ['colcon_pkg']
[0.840s] Level 1:colcon.colcon_core.package_identification:_identify(.) by extension 'colcon_pkg'
[0.840s] Level 1:colcon.colcon_core.package_identification:_identify(.) by extensions ['colcon_meta']
[0.840s] Level 1:colcon.colcon_core.package_identification:_identify(.) by extension 'colcon_meta'
[0.841s] Level 1:colcon.colcon_core.package_identification:_identify(.) by extensions ['ros']
[0.841s] Level 1:colcon.colcon_core.package_identification:_identify(.) by extension 'ros'
[0.999s] Level 1:colcon.colcon_core.package_identification:_identify(.) by extensions ['cmake', 'python']
[0.999s] Level 1:colcon.colcon_core.package_identification:_identify(.) by extension 'cmake'
[1.000s] Level 1:colcon.colcon_core.package_identification:_identify(.) by extension 'python'
[1.000s] Level 1:colcon.colcon_core.package_identification:_identify(.) by extensions ['python_setup_py']
[1.000s] Level 1:colcon.colcon_core.package_identification:_identify(.) by extension 'python_setup_py'
[1.001s] Level 1:colcon.colcon_core.package_identification:_identify(build) by extensions ['ignore', 'ignore_ament_install']
[1.001s] Level 1:colcon.colcon_core.package_identification:_identify(build) by extension 'ignore'
[1.002s] Level 1:colcon.colcon_core.package_identification:_identify(build) ignored
[1.002s] Level 1:colcon.colcon_core.package_identification:_identify(install) by extensions ['ignore', 'ignore_ament_install']
[1.003s] Level 1:colcon.colcon_core.package_identification:_identify(install) by extension 'ignore'
[1.003s] Level 1:colcon.colcon_core.package_identification:_identify(install) ignored
[1.004s] Level 1:colcon.colcon_core.package_identification:_identify(log) by extensions ['ignore', 'ignore_ament_install']
[1.006s] Level 1:colcon.colcon_core.package_identification:_identify(log) by extension 'ignore'
[1.006s] Level 1:colcon.colcon_core.package_identification:_identify(log) ignored
[1.007s] Level 1:colcon.colcon_core.package_identification:_identify(src) by extensions ['ignore', 'ignore_ament_install']
[1.007s] Level 1:colcon.colcon_core.package_identification:_identify(src) by extension 'ignore'
[1.008s] Level 1:colcon.colcon_core.package_identification:_identify(src) by extension 'ignore_ament_install'
[1.008s] Level 1:colcon.colcon_core.package_identification:_identify(src) by extensions ['colcon_pkg']
[1.009s] Level 1:colcon.colcon_core.package_identification:_identify(src) by extension 'colcon_pkg'
[1.009s] Level 1:colcon.colcon_core.package_identification:_identify(src) by extensions ['colcon_meta']
[1.009s] Level 1:colcon.colcon_core.package_identification:_identify(src) by extension 'colcon_meta'
[1.009s] Level 1:colcon.colcon_core.package_identification:_identify(src) by extensions ['ros']
[1.009s] Level 1:colcon.colcon_core.package_identification:_identify(src) by extension 'ros'
[1.010s] Level 1:colcon.colcon_core.package_identification:_identify(src) by extensions ['cmake', 'python']
[1.010s] Level 1:colcon.colcon_core.package_identification:_identify(src) by extension 'cmake'
[1.010s] Level 1:colcon.colcon_core.package_identification:_identify(src) by extension 'python'
[1.010s] Level 1:colcon.colcon_core.package_identification:_identify(src) by extensions ['python_setup_py']
[1.011s] Level 1:colcon.colcon_core.package_identification:_identify(src) by extension 'python_setup_py'
[1.011s] Level 1:colcon.colcon_core.package_identification:_identify(src/byte_leg_bringup) by extensions ['ignore', 'ignore_ament_install']
[1.011s] Level 1:colcon.colcon_core.package_identification:_identify(src/byte_leg_bringup) by extension 'ignore'
[1.012s] Level 1:colcon.colcon_core.package_identification:_identify(src/byte_leg_bringup) by extension 'ignore_ament_install'
[1.012s] Level 1:colcon.colcon_core.package_identification:_identify(src/byte_leg_bringup) by extensions ['colcon_pkg']
[1.012s] Level 1:colcon.colcon_core.package_identification:_identify(src/byte_leg_bringup) by extension 'colcon_pkg'
[1.013s] Level 1:colcon.colcon_core.package_identification:_identify(src/byte_leg_bringup) by extensions ['colcon_meta']
[1.013s] Level 1:colcon.colcon_core.package_identification:_identify(src/byte_leg_bringup) by extension 'colcon_meta'
[1.013s] Level 1:colcon.colcon_core.package_identification:_identify(src/byte_leg_bringup) by extensions ['ros']
[1.013s] Level 1:colcon.colcon_core.package_identification:_identify(src/byte_leg_bringup) by extension 'ros'
[1.023s] DEBUG:colcon.colcon_core.package_identification:Package 'src/byte_leg_bringup' with type 'ros.ament_python' and name 'byte_leg_bringup'
[1.023s] Level 1:colcon.colcon_core.package_identification:_identify(src/byte_leg_control) by extensions ['ignore', 'ignore_ament_install']
[1.024s] Level 1:colcon.colcon_core.package_identification:_identify(src/byte_leg_control) by extension 'ignore'
[1.024s] Level 1:colcon.colcon_core.package_identification:_identify(src/byte_leg_control) by extension 'ignore_ament_install'
[1.024s] Level 1:colcon.colcon_core.package_identification:_identify(src/byte_leg_control) by extensions ['colcon_pkg']
[1.024s] Level 1:colcon.colcon_core.package_identification:_identify(src/byte_leg_control) by extension 'colcon_pkg'
[1.024s] Level 1:colcon.colcon_core.package_identification:_identify(src/byte_leg_control) by extensions ['colcon_meta']
[1.025s] Level 1:colcon.colcon_core.package_identification:_identify(src/byte_leg_control) by extension 'colcon_meta'
[1.025s] Level 1:colcon.colcon_core.package_identification:_identify(src/byte_leg_control) by extensions ['ros']
[1.025s] Level 1:colcon.colcon_core.package_identification:_identify(src/byte_leg_control) by extension 'ros'
[1.028s] DEBUG:colcon.colcon_core.package_identification:Package 'src/byte_leg_control' with type 'ros.ament_python' and name 'byte_leg_control'
[1.028s] Level 1:colcon.colcon_core.package_identification:_identify(src/byte_leg_description) by extensions ['ignore', 'ignore_ament_install']
[1.029s] Level 1:colcon.colcon_core.package_identification:_identify(src/byte_leg_description) by extension 'ignore'
[1.029s] Level 1:colcon.colcon_core.package_identification:_identify(src/byte_leg_description) by extension 'ignore_ament_install'
[1.030s] Level 1:colcon.colcon_core.package_identification:_identify(src/byte_leg_description) by extensions ['colcon_pkg']
[1.030s] Level 1:colcon.colcon_core.package_identification:_identify(src/byte_leg_description) by extension 'colcon_pkg'
[1.031s] Level 1:colcon.colcon_core.package_identification:_identify(src/byte_leg_description) by extensions ['colcon_meta']
[1.031s] Level 1:colcon.colcon_core.package_identification:_identify(src/byte_leg_description) by extension 'colcon_meta'
[1.032s] Level 1:colcon.colcon_core.package_identification:_identify(src/byte_leg_description) by extensions ['ros']
[1.032s] Level 1:colcon.colcon_core.package_identification:_identify(src/byte_leg_description) by extension 'ros'
[1.035s] DEBUG:colcon.colcon_core.package_identification:Package 'src/byte_leg_description' with type 'ros.ament_cmake' and name 'byte_leg_description'
[1.036s] Level 1:colcon.colcon_core.package_identification:_identify(src/byte_leg_gazebo) by extensions ['ignore', 'ignore_ament_install']
[1.037s] Level 1:colcon.colcon_core.package_identification:_identify(src/byte_leg_gazebo) by extension 'ignore'
[1.037s] Level 1:colcon.colcon_core.package_identification:_identify(src/byte_leg_gazebo) by extension 'ignore_ament_install'
[1.038s] Level 1:colcon.colcon_core.package_identification:_identify(src/byte_leg_gazebo) by extensions ['colcon_pkg']
[1.038s] Level 1:colcon.colcon_core.package_identification:_identify(src/byte_leg_gazebo) by extension 'colcon_pkg'
[1.038s] Level 1:colcon.colcon_core.package_identification:_identify(src/byte_leg_gazebo) by extensions ['colcon_meta']
[1.038s] Level 1:colcon.colcon_core.package_identification:_identify(src/byte_leg_gazebo) by extension 'colcon_meta'
[1.039s] Level 1:colcon.colcon_core.package_identification:_identify(src/byte_leg_gazebo) by extensions ['ros']
[1.039s] Level 1:colcon.colcon_core.package_identification:_identify(src/byte_leg_gazebo) by extension 'ros'
[1.042s] DEBUG:colcon.colcon_core.package_identification:Package 'src/byte_leg_gazebo' with type 'ros.ament_cmake' and name 'byte_leg_gazebo'
[1.042s] Level 1:colcon.colcon_core.package_discovery:discover_packages(recursive) using defaults
[1.042s] Level 1:colcon.colcon_core.package_discovery:discover_packages(ignore) discover
[1.043s] Level 1:colcon.colcon_core.package_discovery:discover_packages(ignore) using defaults
[1.043s] Level 1:colcon.colcon_core.package_discovery:discover_packages(path) discover
[1.043s] Level 1:colcon.colcon_core.package_discovery:discover_packages(path) using defaults
[1.125s] INFO:colcon.colcon_core.package_selection:Skipping not selected package 'byte_leg_control' in 'src/byte_leg_control'
[1.125s] INFO:colcon.colcon_core.package_selection:Skipping not selected package 'byte_leg_gazebo' in 'src/byte_leg_gazebo'
[1.125s] INFO:colcon.colcon_core.package_selection:Skipping not selected package 'byte_leg_bringup' in 'src/byte_leg_bringup'
[1.127s] Level 1:colcon.colcon_core.package_discovery:discover_packages(prefix_path) check parameters
[1.127s] Level 1:colcon.colcon_core.package_discovery:discover_packages(prefix_path) discover
[1.146s] DEBUG:colcon.colcon_installed_package_information.package_discovery:Found 386 installed packages in /opt/ros/jazzy
[1.153s] Level 1:colcon.colcon_core.package_discovery:discover_packages(prefix_path) using defaults
[1.447s] Level 5:colcon.colcon_core.verb:set package 'byte_leg_description' build argument 'cmake_args' from command line to 'None'
[1.448s] Level 5:colcon.colcon_core.verb:set package 'byte_leg_description' build argument 'cmake_target' from command line to 'None'
[1.448s] Level 5:colcon.colcon_core.verb:set package 'byte_leg_description' build argument 'cmake_target_skip_unavailable' from command line to 'False'
[1.449s] Level 5:colcon.colcon_core.verb:set package 'byte_leg_description' build argument 'cmake_clean_cache' from command line to 'False'
[1.450s] Level 5:colcon.colcon_core.verb:set package 'byte_leg_description' build argument 'cmake_clean_first' from command line to 'False'
[1.450s] Level 5:colcon.colcon_core.verb:set package 'byte_leg_description' build argument 'cmake_force_configure' from command line to 'False'
[1.450s] Level 5:colcon.colcon_core.verb:set package 'byte_leg_description' build argument 'ament_cmake_args' from command line to 'None'
[1.450s] Level 5:colcon.colcon_core.verb:set package 'byte_leg_description' build argument 'catkin_cmake_args' from command line to 'None'
[1.451s] Level 5:colcon.colcon_core.verb:set package 'byte_leg_description' build argument 'catkin_skip_building_tests' from command line to 'False'
[1.451s] DEBUG:colcon.colcon_core.verb:Building package 'byte_leg_description' with the following arguments: {'ament_cmake_args': None, 'build_base': '/home/loic-finette/Documents/byte_ws/ros2_ws/build/byte_leg_description', 'catkin_cmake_args': None, 'catkin_skip_building_tests': False, 'cmake_args': None, 'cmake_clean_cache': False, 'cmake_clean_first': False, 'cmake_force_configure': False, 'cmake_target': None, 'cmake_target_skip_unavailable': False, 'install_base': '/home/loic-finette/Documents/byte_ws/ros2_ws/install/byte_leg_description', 'merge_install': False, 'path': '/home/loic-finette/Documents/byte_ws/ros2_ws/src/byte_leg_description', 'symlink_install': True, 'test_result_base': None}
[1.451s] INFO:colcon.colcon_core.executor:Executing jobs using 'parallel' executor
[1.455s] DEBUG:colcon.colcon_parallel_executor.executor.parallel:run_until_complete
[1.456s] INFO:colcon.colcon_ros.task.ament_cmake.build:Building ROS package in '/home/loic-finette/Documents/byte_ws/ros2_ws/src/byte_leg_description' with build type 'ament_cmake'
[1.456s] INFO:colcon.colcon_cmake.task.cmake.build:Building CMake package in '/home/loic-finette/Documents/byte_ws/ros2_ws/src/byte_leg_description'
[1.466s] INFO:colcon.colcon_core.plugin_system:Skipping extension 'colcon_core.shell.bat': Not used on non-Windows systems
[1.467s] INFO:colcon.colcon_core.shell:Skip shell extension 'powershell' for command environment: Not usable outside of PowerShell
[1.467s] DEBUG:colcon.colcon_core.shell:Skip shell extension 'dsv' for command environment
[1.529s] DEBUG:colcon.colcon_core.event_handler.log_command:Invoking command in '/home/loic-finette/Documents/byte_ws/ros2_ws/build/byte_leg_description': CMAKE_PREFIX_PATH=${CMAKE_PREFIX_PATH}:/opt/ros/jazzy DEBUGINFOD_URLS=https://debuginfod.ubuntu.com /usr/bin/cmake --build /home/loic-finette/Documents/byte_ws/ros2_ws/build/byte_leg_description -- -j8 -l8
[1.715s] DEBUG:colcon.colcon_core.event_handler.log_command:Invoked command in '/home/loic-finette/Documents/byte_ws/ros2_ws/build/byte_leg_description' returned '0': CMAKE_PREFIX_PATH=${CMAKE_PREFIX_PATH}:/opt/ros/jazzy DEBUGINFOD_URLS=https://debuginfod.ubuntu.com /usr/bin/cmake --build /home/loic-finette/Documents/byte_ws/ros2_ws/build/byte_leg_description -- -j8 -l8
[1.761s] DEBUG:colcon.colcon_core.event_handler.log_command:Invoking command in '/home/loic-finette/Documents/byte_ws/ros2_ws/build/byte_leg_description': CMAKE_PREFIX_PATH=${CMAKE_PREFIX_PATH}:/opt/ros/jazzy DEBUGINFOD_URLS=https://debuginfod.ubuntu.com /usr/bin/cmake --install /home/loic-finette/Documents/byte_ws/ros2_ws/build/byte_leg_description
[1.914s] Level 1:colcon.colcon_core.environment:create_environment_scripts_only(byte_leg_description)
[1.920s] DEBUG:colcon.colcon_core.event_handler.log_command:Invoked command in '/home/loic-finette/Documents/byte_ws/ros2_ws/build/byte_leg_description' returned '0': CMAKE_PREFIX_PATH=${CMAKE_PREFIX_PATH}:/opt/ros/jazzy DEBUGINFOD_URLS=https://debuginfod.ubuntu.com /usr/bin/cmake --install /home/loic-finette/Documents/byte_ws/ros2_ws/build/byte_leg_description
[1.936s] Level 1:colcon.colcon_core.environment:checking '/home/loic-finette/Documents/byte_ws/ros2_ws/install/byte_leg_description' for CMake module files
[1.941s] Level 1:colcon.colcon_core.environment:checking '/home/loic-finette/Documents/byte_ws/ros2_ws/install/byte_leg_description' for CMake config files
[1.944s] Level 1:colcon.colcon_core.shell:create_environment_hook('byte_leg_description', 'cmake_prefix_path')
[1.946s] INFO:colcon.colcon_core.shell:Creating environment hook '/home/loic-finette/Documents/byte_ws/ros2_ws/install/byte_leg_description/share/byte_leg_description/hook/cmake_prefix_path.ps1'
[1.950s] INFO:colcon.colcon_core.shell:Creating environment descriptor '/home/loic-finette/Documents/byte_ws/ros2_ws/install/byte_leg_description/share/byte_leg_description/hook/cmake_prefix_path.dsv'
[1.955s] INFO:colcon.colcon_core.shell:Creating environment hook '/home/loic-finette/Documents/byte_ws/ros2_ws/install/byte_leg_description/share/byte_leg_description/hook/cmake_prefix_path.sh'
[1.968s] Level 1:colcon.colcon_core.environment:checking '/home/loic-finette/Documents/byte_ws/ros2_ws/install/byte_leg_description/bin'
[1.972s] Level 1:colcon.colcon_core.environment:checking '/home/loic-finette/Documents/byte_ws/ros2_ws/install/byte_leg_description/lib/pkgconfig/byte_leg_description.pc'
[1.973s] Level 1:colcon.colcon_core.environment:checking '/home/loic-finette/Documents/byte_ws/ros2_ws/install/byte_leg_description/lib/python3.12/site-packages'
[1.976s] Level 1:colcon.colcon_core.environment:checking '/home/loic-finette/Documents/byte_ws/ros2_ws/install/byte_leg_description/bin'
[1.978s] INFO:colcon.colcon_core.shell:Creating package script '/home/loic-finette/Documents/byte_ws/ros2_ws/install/byte_leg_description/share/byte_leg_description/package.ps1'
[1.987s] INFO:colcon.colcon_core.shell:Creating package descriptor '/home/loic-finette/Documents/byte_ws/ros2_ws/install/byte_leg_description/share/byte_leg_description/package.dsv'
[1.998s] INFO:colcon.colcon_core.shell:Creating package script '/home/loic-finette/Documents/byte_ws/ros2_ws/install/byte_leg_description/share/byte_leg_description/package.sh'
[2.004s] INFO:colcon.colcon_core.shell:Creating package script '/home/loic-finette/Documents/byte_ws/ros2_ws/install/byte_leg_description/share/byte_leg_description/package.bash'
[2.006s] INFO:colcon.colcon_core.shell:Creating package script '/home/loic-finette/Documents/byte_ws/ros2_ws/install/byte_leg_description/share/byte_leg_description/package.zsh'
[2.014s] Level 1:colcon.colcon_core.environment:create_file_with_runtime_dependencies(/home/loic-finette/Documents/byte_ws/ros2_ws/install/byte_leg_description/share/colcon-core/packages/byte_leg_description)
[2.017s] Level 1:colcon.colcon_core.environment:create_environment_scripts_only(byte_leg_description)
[2.018s] Level 1:colcon.colcon_core.environment:checking '/home/loic-finette/Documents/byte_ws/ros2_ws/install/byte_leg_description' for CMake module files
[2.025s] Level 1:colcon.colcon_core.environment:checking '/home/loic-finette/Documents/byte_ws/ros2_ws/install/byte_leg_description' for CMake config files
[2.026s] Level 1:colcon.colcon_core.shell:create_environment_hook('byte_leg_description', 'cmake_prefix_path')
[2.026s] INFO:colcon.colcon_core.shell:Creating environment hook '/home/loic-finette/Documents/byte_ws/ros2_ws/install/byte_leg_description/share/byte_leg_description/hook/cmake_prefix_path.ps1'
[2.029s] INFO:colcon.colcon_core.shell:Creating environment descriptor '/home/loic-finette/Documents/byte_ws/ros2_ws/install/byte_leg_description/share/byte_leg_description/hook/cmake_prefix_path.dsv'
[2.032s] INFO:colcon.colcon_core.shell:Creating environment hook '/home/loic-finette/Documents/byte_ws/ros2_ws/install/byte_leg_description/share/byte_leg_description/hook/cmake_prefix_path.sh'
[2.034s] Level 1:colcon.colcon_core.environment:checking '/home/loic-finette/Documents/byte_ws/ros2_ws/install/byte_leg_description/bin'
[2.035s] Level 1:colcon.colcon_core.environment:checking '/home/loic-finette/Documents/byte_ws/ros2_ws/install/byte_leg_description/lib/pkgconfig/byte_leg_description.pc'
[2.035s] Level 1:colcon.colcon_core.environment:checking '/home/loic-finette/Documents/byte_ws/ros2_ws/install/byte_leg_description/lib/python3.12/site-packages'
[2.037s] Level 1:colcon.colcon_core.environment:checking '/home/loic-finette/Documents/byte_ws/ros2_ws/install/byte_leg_description/bin'
[2.038s] INFO:colcon.colcon_core.shell:Creating package script '/home/loic-finette/Documents/byte_ws/ros2_ws/install/byte_leg_description/share/byte_leg_description/package.ps1'
[2.042s] INFO:colcon.colcon_core.shell:Creating package descriptor '/home/loic-finette/Documents/byte_ws/ros2_ws/install/byte_leg_description/share/byte_leg_description/package.dsv'
[2.045s] INFO:colcon.colcon_core.shell:Creating package script '/home/loic-finette/Documents/byte_ws/ros2_ws/install/byte_leg_description/share/byte_leg_description/package.sh'
[2.047s] INFO:colcon.colcon_core.shell:Creating package script '/home/loic-finette/Documents/byte_ws/ros2_ws/install/byte_leg_description/share/byte_leg_description/package.bash'
[2.050s] INFO:colcon.colcon_core.shell:Creating package script '/home/loic-finette/Documents/byte_ws/ros2_ws/install/byte_leg_description/share/byte_leg_description/package.zsh'
[2.052s] Level 1:colcon.colcon_core.environment:create_file_with_runtime_dependencies(/home/loic-finette/Documents/byte_ws/ros2_ws/install/byte_leg_description/share/colcon-core/packages/byte_leg_description)
[2.053s] DEBUG:colcon.colcon_parallel_executor.executor.parallel:closing loop
[2.053s] DEBUG:colcon.colcon_parallel_executor.executor.parallel:loop closed
[2.053s] DEBUG:colcon.colcon_parallel_executor.executor.parallel:run_until_complete finished with '0'
[2.053s] DEBUG:colcon.colcon_core.event_reactor:joining thread
[2.074s] INFO:colcon.colcon_core.plugin_system:Skipping extension 'colcon_notification.desktop_notification.terminal_notifier': Not used on non-Darwin systems
[2.075s] INFO:colcon.colcon_core.plugin_system:Skipping extension 'colcon_notification.desktop_notification.win32': Not used on non-Windows systems
[2.075s] INFO:colcon.colcon_notification.desktop_notification:Sending desktop notification using 'notify2'
[2.156s] DEBUG:colcon.colcon_core.event_reactor:joined thread
[2.158s] INFO:colcon.colcon_core.shell:Creating prefix script '/home/loic-finette/Documents/byte_ws/ros2_ws/install/local_setup.ps1'
[2.162s] INFO:colcon.colcon_core.shell:Creating prefix util module '/home/loic-finette/Documents/byte_ws/ros2_ws/install/_local_setup_util_ps1.py'
[2.168s] INFO:colcon.colcon_core.shell:Creating prefix chain script '/home/loic-finette/Documents/byte_ws/ros2_ws/install/setup.ps1'
[2.172s] INFO:colcon.colcon_core.shell:Creating prefix script '/home/loic-finette/Documents/byte_ws/ros2_ws/install/local_setup.sh'
[2.176s] INFO:colcon.colcon_core.shell:Creating prefix util module '/home/loic-finette/Documents/byte_ws/ros2_ws/install/_local_setup_util_sh.py'
[2.180s] INFO:colcon.colcon_core.shell:Creating prefix chain script '/home/loic-finette/Documents/byte_ws/ros2_ws/install/setup.sh'
[2.185s] INFO:colcon.colcon_core.shell:Creating prefix script '/home/loic-finette/Documents/byte_ws/ros2_ws/install/local_setup.bash'
[2.187s] INFO:colcon.colcon_core.shell:Creating prefix chain script '/home/loic-finette/Documents/byte_ws/ros2_ws/install/setup.bash'
[2.191s] INFO:colcon.colcon_core.shell:Creating prefix script '/home/loic-finette/Documents/byte_ws/ros2_ws/install/local_setup.zsh'
[2.193s] INFO:colcon.colcon_core.shell:Creating prefix chain script '/home/loic-finette/Documents/byte_ws/ros2_ws/install/setup.zsh'
